DEBUG: ComponentDB initialized in 0.00369191169739.
DEBUG: RepoDB initialized in 0.000193119049072.
DEBUG: InstallDB initialized in 0.00799798965454.
DEBUG: /usr/lib/libQt5PlatformSupport.a [stripped]
DEBUG: /usr/lib/libQt5Gui.so.5.4.1 [stripped]
DEBUG: /usr/lib/libQt5Core.so.5.4.1 [stripped]
DEBUG: /usr/lib/libQt5OpenGL.so.5.4.1 [stripped]
DEBUG: /usr/lib/libQt5Network.so.5.4.1 [stripped]
DEBUG: /usr/lib/libQt5Widgets.so.5.4.1 [stripped]
DEBUG: /usr/lib/libQt5PrintSupport.so.5.4.1 [stripped]
DEBUG: /usr/lib/libQt5Sql.so.5.4.1 [stripped]
DEBUG: /usr/lib/libQt5Xml.so.5.4.1 [stripped]
DEBUG: /usr/lib/libQt5Concurrent.so.5.4.1 [stripped]
DEBUG: /usr/lib/libQt5Test.so.5.4.1 [stripped]
DEBUG: /usr/lib/libQt5Bootstrap.a [stripped]
DEBUG: /usr/lib/libQt5DBus.so.5.4.1 [stripped]
DEBUG: /usr/lib/libQt5OpenGLExtensions.a [stripped]
DEBUG: /usr/lib/qt5/examples/network/dnslookup/dnslookup [stripped]
DEBUG: /usr/lib/qt5/examples/network/torrent/torrent [stripped]
DEBUG: /usr/lib/qt5/examples/network/blockingfortuneclient/blockingfortuneclient [stripped]
DEBUG: /usr/lib/qt5/examples/network/fortuneclient/fortuneclient [stripped]
DEBUG: /usr/lib/qt5/examples/network/broadcastreceiver/broadcastreceiver [stripped]
DEBUG: /usr/lib/qt5/examples/network/fortuneserver/fortuneserver [stripped]
DEBUG: /usr/lib/qt5/examples/network/loopback/loopback [stripped]
DEBUG: /usr/lib/qt5/examples/network/http/http [stripped]
DEBUG: /usr/lib/qt5/examples/network/multicastsender/multicastsender [stripped]
DEBUG: /usr/lib/qt5/examples/network/threadedfortuneserver/threadedfortuneserver [stripped]
DEBUG: /usr/lib/qt5/examples/network/broadcastsender/broadcastsender [stripped]
DEBUG: /usr/lib/qt5/examples/network/downloadmanager/downloadmanager [stripped]
DEBUG: /usr/lib/qt5/examples/network/googlesuggest/googlesuggest [stripped]
DEBUG: /usr/lib/qt5/examples/network/bearermonitor/bearermonitor [stripped]
DEBUG: /usr/lib/qt5/examples/network/securesocketclient/securesocketclient [stripped]
DEBUG: /usr/lib/qt5/examples/network/network-chat/network-chat [stripped]
DEBUG: /usr/lib/qt5/examples/network/download/download [stripped]
DEBUG: /usr/lib/qt5/examples/network/multicastreceiver/multicastreceiver [stripped]
DEBUG: /usr/lib/qt5/examples/dbus/listnames/listnames [stripped]
DEBUG: /usr/lib/qt5/examples/dbus/complexpingpong/complexpong [stripped]
DEBUG: /usr/lib/qt5/examples/dbus/complexpingpong/complexping [stripped]
DEBUG: /usr/lib/qt5/examples/dbus/remotecontrolledcar/car/car [stripped]
DEBUG: /usr/lib/qt5/examples/dbus/remotecontrolledcar/controller/controller [stripped]
DEBUG: /usr/lib/qt5/examples/dbus/chat/chat [stripped]
DEBUG: /usr/lib/qt5/examples/dbus/pingpong/ping [stripped]
DEBUG: /usr/lib/qt5/examples/dbus/pingpong/pong [stripped]
DEBUG: /usr/lib/qt5/examples/opengl/textures/textures [stripped]
DEBUG: /usr/lib/qt5/examples/opengl/paintedwindow/paintedwindow [stripped]
DEBUG: /usr/lib/qt5/examples/opengl/threadedqopenglwidget/threadedqopenglwidget [stripped]
DEBUG: /usr/lib/qt5/examples/opengl/hellogl2/hellogl2 [stripped]
DEBUG: /usr/lib/qt5/examples/opengl/cube/cube [stripped]
DEBUG: /usr/lib/qt5/examples/opengl/qopenglwindow/qopenglwindow [stripped]
DEBUG: /usr/lib/qt5/examples/opengl/2dpainting/2dpainting [stripped]
DEBUG: /usr/lib/qt5/examples/opengl/hellowindow/hellowindow [stripped]
DEBUG: /usr/lib/qt5/examples/opengl/qopenglwidget/qopenglwidget [stripped]
DEBUG: /usr/lib/qt5/examples/qpa/windows/windows [stripped]
DEBUG: /usr/lib/qt5/examples/qpa/qrasterwindow/qrasterwindow [stripped]
DEBUG: /usr/lib/qt5/examples/qtconcurrent/progressdialog/progressdialog [stripped]
DEBUG: /usr/lib/qt5/examples/qtconcurrent/runfunction/runfunction [stripped]
DEBUG: /usr/lib/qt5/examples/qtconcurrent/map/mapdemo [stripped]
DEBUG: /usr/lib/qt5/examples/qtconcurrent/imagescaling/imagescaling [stripped]
DEBUG: /usr/lib/qt5/examples/qtconcurrent/wordcount/wordcount [stripped]
DEBUG: /usr/lib/qt5/examples/widgets/graphicsview/dragdroprobot/dragdroprobot [stripped]
DEBUG: /usr/lib/qt5/examples/widgets/graphicsview/weatheranchorlayout/weatheranchorlayout [stripped]
DEBUG: /usr/lib/qt5/examples/widgets/graphicsview/collidingmice/collidingmice [stripped]
DEBUG: /usr/lib/qt5/examples/widgets/graphicsview/boxes/boxes [stripped]
DEBUG: /usr/lib/qt5/examples/widgets/graphicsview/basicgraphicslayouts/basicgraphicslayouts [stripped]
DEBUG: /usr/lib/qt5/examples/widgets/graphicsview/flowlayout/flowlayout [stripped]
DEBUG: /usr/lib/qt5/examples/widgets/graphicsview/chip/chip [stripped]
DEBUG: /usr/lib/qt5/examples/widgets/graphicsview/diagramscene/diagramscene [stripped]
DEBUG: /usr/lib/qt5/examples/widgets/graphicsview/elasticnodes/elasticnodes [stripped]
DEBUG: /usr/lib/qt5/examples/widgets/graphicsview/embeddeddialogs/embeddeddialogs [stripped]
DEBUG: /usr/lib/qt5/examples/widgets/graphicsview/padnavigator/padnavigator [stripped]
DEBUG: /usr/lib/qt5/examples/widgets/graphicsview/simpleanchorlayout/simpleanchorlayout [stripped]
DEBUG: /usr/lib/qt5/examples/widgets/graphicsview/anchorlayout/anchorlayout [stripped]
DEBUG: /usr/lib/qt5/examples/widgets/tools/treemodelcompleter/treemodelcompleter [stripped]
DEBUG: /usr/lib/qt5/examples/widgets/tools/codecs/codecs [stripped]
DEBUG: /usr/lib/qt5/examples/widgets/tools/undoframework/undoframework [stripped]
DEBUG: /usr/lib/qt5/examples/widgets/tools/styleplugin/styleplugin [stripped]
DEBUG: /usr/lib/qt5/examples/widgets/tools/styleplugin/styles/libsimplestyleplugin.so [stripped]
DEBUG: /usr/lib/qt5/examples/widgets/tools/regexp/regexp [stripped]
DEBUG: /usr/lib/qt5/examples/widgets/tools/completer/completer [stripped]
DEBUG: /usr/lib/qt5/examples/widgets/tools/plugandpaint/plugandpaint [stripped]
DEBUG: /usr/lib/qt5/examples/widgets/tools/plugandpaint/plugins/libpnp_extrafilters.so [stripped]
DEBUG: /usr/lib/qt5/examples/widgets/tools/plugandpaint/plugins/libpnp_basictools.a [stripped]
DEBUG: /usr/lib/qt5/examples/widgets/tools/customcompleter/customcompleter [stripped]
DEBUG: /usr/lib/qt5/examples/widgets/tools/settingseditor/settingseditor [stripped]
DEBUG: /usr/lib/qt5/examples/widgets/tools/undo/undo [stripped]
DEBUG: /usr/lib/qt5/examples/widgets/tools/echoplugin/echoplugin [stripped]
DEBUG: /usr/lib/qt5/examples/widgets/tools/echoplugin/plugin/libechoplugin.so [stripped]
DEBUG: /usr/lib/qt5/examples/widgets/tools/i18n/i18n [stripped]
DEBUG: /usr/lib/qt5/examples/widgets/layouts/dynamiclayouts/dynamiclayouts [stripped]
DEBUG: /usr/lib/qt5/examples/widgets/layouts/flowlayout/flowlayout [stripped]
DEBUG: /usr/lib/qt5/examples/widgets/layouts/basiclayouts/basiclayouts [stripped]
DEBUG: /usr/lib/qt5/examples/widgets/layouts/borderlayout/borderlayout [stripped]
DEBUG: /usr/lib/qt5/examples/widgets/effects/blurpicker/blurpicker [stripped]
DEBUG: /usr/lib/qt5/examples/widgets/effects/lighting/lighting [stripped]
DEBUG: /usr/lib/qt5/examples/widgets/effects/fademessage/fademessage [stripped]
DEBUG: /usr/lib/qt5/examples/widgets/itemviews/basicsortfiltermodel/basicsortfiltermodel [stripped]
DEBUG: /usr/lib/qt5/examples/widgets/itemviews/fetchmore/fetchmore [stripped]
DEBUG: /usr/lib/qt5/examples/widgets/itemviews/puzzle/puzzle [stripped]
DEBUG: /usr/lib/qt5/examples/widgets/itemviews/chart/chart [stripped]
DEBUG: /usr/lib/qt5/examples/widgets/itemviews/simplewidgetmapper/simplewidgetmapper [stripped]
DEBUG: /usr/lib/qt5/examples/widgets/itemviews/coloreditorfactory/coloreditorfactory [stripped]
DEBUG: /usr/lib/qt5/examples/widgets/itemviews/addressbook/addressbook [stripped]
DEBUG: /usr/lib/qt5/examples/widgets/itemviews/simpledommodel/simpledommodel [stripped]
DEBUG: /usr/lib/qt5/examples/widgets/itemviews/interview/interview [stripped]
DEBUG: /usr/lib/qt5/examples/widgets/itemviews/editabletreemodel/editabletreemodel [stripped]
DEBUG: /usr/lib/qt5/examples/widgets/itemviews/spreadsheet/spreadsheet [stripped]
DEBUG: /usr/lib/qt5/examples/widgets/itemviews/spinboxdelegate/spinboxdelegate [stripped]
DEBUG: /usr/lib/qt5/examples/widgets/itemviews/pixelator/pixelator [stripped]
DEBUG: /usr/lib/qt5/examples/widgets/itemviews/frozencolumn/frozencolumn [stripped]
DEBUG: /usr/lib/qt5/examples/widgets/itemviews/customsortfiltermodel/customsortfiltermodel [stripped]
DEBUG: /usr/lib/qt5/examples/widgets/itemviews/simpletreemodel/simpletreemodel [stripped]
DEBUG: /usr/lib/qt5/examples/widgets/itemviews/dirview/dirview [stripped]
DEBUG: /usr/lib/qt5/examples/widgets/itemviews/combowidgetmapper/combowidgetmapper [stripped]
DEBUG: /usr/lib/qt5/examples/widgets/itemviews/stardelegate/stardelegate [stripped]
DEBUG: /usr/lib/qt5/examples/widgets/painting/imagecomposition/imagecomposition [stripped]
DEBUG: /usr/lib/qt5/examples/widgets/painting/composition/composition [stripped]
DEBUG: /usr/lib/qt5/examples/widgets/painting/concentriccircles/concentriccircles [stripped]
DEBUG: /usr/lib/qt5/examples/widgets/painting/painterpaths/painterpaths [stripped]
DEBUG: /usr/lib/qt5/examples/widgets/painting/deform/deform [stripped]
DEBUG: /usr/lib/qt5/examples/widgets/painting/transformations/transformations [stripped]
DEBUG: /usr/lib/qt5/examples/widgets/painting/gradients/gradients [stripped]
DEBUG: /usr/lib/qt5/examples/widgets/painting/pathstroke/pathstroke [stripped]
DEBUG: /usr/lib/qt5/examples/widgets/painting/basicdrawing/basicdrawing [stripped]
DEBUG: /usr/lib/qt5/examples/widgets/painting/fontsampler/fontsampler [stripped]
DEBUG: /usr/lib/qt5/examples/widgets/painting/affine/affine [stripped]
DEBUG: /usr/lib/qt5/examples/widgets/statemachine/factorial/factorial [stripped]
DEBUG: /usr/lib/qt5/examples/widgets/statemachine/trafficlight/trafficlight [stripped]
DEBUG: /usr/lib/qt5/examples/widgets/statemachine/rogue/rogue [stripped]
DEBUG: /usr/lib/qt5/examples/widgets/statemachine/eventtransitions/eventtransitions [stripped]
DEBUG: /usr/lib/qt5/examples/widgets/statemachine/twowaybutton/twowaybutton [stripped]
DEBUG: /usr/lib/qt5/examples/widgets/statemachine/pingpong/pingpong [stripped]
DEBUG: /usr/lib/qt5/examples/widgets/desktop/screenshot/screenshot [stripped]
DEBUG: /usr/lib/qt5/examples/widgets/desktop/systray/systray [stripped]
DEBUG: /usr/lib/qt5/examples/widgets/draganddrop/draggableicons/draggableicons [stripped]
DEBUG: /usr/lib/qt5/examples/widgets/draganddrop/puzzle/puzzle [stripped]
DEBUG: /usr/lib/qt5/examples/widgets/draganddrop/dropsite/dropsite [stripped]
DEBUG: /usr/lib/qt5/examples/widgets/draganddrop/fridgemagnets/fridgemagnets [stripped]
DEBUG: /usr/lib/qt5/examples/widgets/draganddrop/draggabletext/draggabletext [stripped]
DEBUG: /usr/lib/qt5/examples/widgets/mainwindows/dockwidgets/dockwidgets [stripped]
DEBUG: /usr/lib/qt5/examples/widgets/mainwindows/recentfiles/recentfiles [stripped]
DEBUG: /usr/lib/qt5/examples/widgets/mainwindows/menus/menus [stripped]
DEBUG: /usr/lib/qt5/examples/widgets/mainwindows/mdi/mdi [stripped]
DEBUG: /usr/lib/qt5/examples/widgets/mainwindows/mainwindow/mainwindow [stripped]
DEBUG: /usr/lib/qt5/examples/widgets/mainwindows/sdi/sdi [stripped]
DEBUG: /usr/lib/qt5/examples/widgets/mainwindows/application/application [stripped]
DEBUG: /usr/lib/qt5/examples/widgets/widgets/digitalclock/digitalclock [stripped]
DEBUG: /usr/lib/qt5/examples/widgets/widgets/validators/validators [stripped]
DEBUG: /usr/lib/qt5/examples/widgets/widgets/groupbox/groupbox [stripped]
DEBUG: /usr/lib/qt5/examples/widgets/widgets/codeeditor/codeeditor [stripped]
DEBUG: /usr/lib/qt5/examples/widgets/widgets/windowflags/windowflags [stripped]
DEBUG: /usr/lib/qt5/examples/widgets/widgets/tetrix/tetrix [stripped]
DEBUG: /usr/lib/qt5/examples/widgets/widgets/calculator/calculator [stripped]
DEBUG: /usr/lib/qt5/examples/widgets/widgets/stylesheet/stylesheet [stripped]
DEBUG: /usr/lib/qt5/examples/widgets/widgets/styles/styles [stripped]
DEBUG: /usr/lib/qt5/examples/widgets/widgets/mousebuttons/mousebuttons [stripped]
DEBUG: /usr/lib/qt5/examples/widgets/widgets/movie/movie [stripped]
DEBUG: /usr/lib/qt5/examples/widgets/widgets/analogclock/analogclock [stripped]
DEBUG: /usr/lib/qt5/examples/widgets/widgets/wiggly/wiggly [stripped]
DEBUG: /usr/lib/qt5/examples/widgets/widgets/imageviewer/imageviewer [stripped]
DEBUG: /usr/lib/qt5/examples/widgets/widgets/sliders/sliders [stripped]
DEBUG: /usr/lib/qt5/examples/widgets/widgets/calendarwidget/calendarwidget [stripped]
DEBUG: /usr/lib/qt5/examples/widgets/widgets/elidedlabel/elidedlabel [stripped]
DEBUG: /usr/lib/qt5/examples/widgets/widgets/scribble/scribble [stripped]
DEBUG: /usr/lib/qt5/examples/widgets/widgets/lineedits/lineedits [stripped]
DEBUG: /usr/lib/qt5/examples/widgets/widgets/shapedclock/shapedclock [stripped]
DEBUG: /usr/lib/qt5/examples/widgets/widgets/icons/icons [stripped]
DEBUG: /usr/lib/qt5/examples/widgets/widgets/charactermap/charactermap [stripped]
DEBUG: /usr/lib/qt5/examples/widgets/widgets/spinboxes/spinboxes [stripped]
DEBUG: /usr/lib/qt5/examples/widgets/widgets/tooltips/tooltips [stripped]
DEBUG: /usr/lib/qt5/examples/widgets/widgets/tablet/tablet [stripped]
DEBUG: /usr/lib/qt5/examples/widgets/tutorials/modelview/2_formatting/mv_formatting [stripped]
DEBUG: /usr/lib/qt5/examples/widgets/tutorials/modelview/4_headers/mv_headers [stripped]
DEBUG: /usr/lib/qt5/examples/widgets/tutorials/modelview/1_readonly/mv_readonly [stripped]
DEBUG: /usr/lib/qt5/examples/widgets/tutorials/modelview/5_edit/mv_edit [stripped]
DEBUG: /usr/lib/qt5/examples/widgets/tutorials/modelview/6_treeview/mv_tree [stripped]
DEBUG: /usr/lib/qt5/examples/widgets/tutorials/modelview/3_changingmodel/mv_changingmodel [stripped]
DEBUG: /usr/lib/qt5/examples/widgets/tutorials/modelview/7_selections/mv_selections [stripped]
DEBUG: /usr/lib/qt5/examples/widgets/tutorials/addressbook/part3/part3 [stripped]
DEBUG: /usr/lib/qt5/examples/widgets/tutorials/addressbook/part5/part5 [stripped]
DEBUG: /usr/lib/qt5/examples/widgets/tutorials/addressbook/part2/part2 [stripped]
DEBUG: /usr/lib/qt5/examples/widgets/tutorials/addressbook/part4/part4 [stripped]
DEBUG: /usr/lib/qt5/examples/widgets/tutorials/addressbook/part1/part1 [stripped]
DEBUG: /usr/lib/qt5/examples/widgets/tutorials/addressbook/part7/part7 [stripped]
DEBUG: /usr/lib/qt5/examples/widgets/tutorials/addressbook/part6/part6 [stripped]
DEBUG: /usr/lib/qt5/examples/widgets/tutorials/gettingStarted/gsQt/part3/part3 [stripped]
DEBUG: /usr/lib/qt5/examples/widgets/tutorials/gettingStarted/gsQt/part5/part5 [stripped]
DEBUG: /usr/lib/qt5/examples/widgets/tutorials/gettingStarted/gsQt/part2/part2 [stripped]
DEBUG: /usr/lib/qt5/examples/widgets/tutorials/gettingStarted/gsQt/part4/part4 [stripped]
DEBUG: /usr/lib/qt5/examples/widgets/tutorials/gettingStarted/gsQt/part1/part1 [stripped]
DEBUG: /usr/lib/qt5/examples/widgets/tutorials/widgets/toplevel/toplevel [stripped]
DEBUG: /usr/lib/qt5/examples/widgets/tutorials/widgets/childwidget/childwidget [stripped]
DEBUG: /usr/lib/qt5/examples/widgets/tutorials/widgets/windowlayout/windowlayout [stripped]
DEBUG: /usr/lib/qt5/examples/widgets/tutorials/widgets/nestedlayouts/nestedlayouts [stripped]
DEBUG: /usr/lib/qt5/examples/widgets/windowcontainer/windowcontainer [stripped]
DEBUG: /usr/lib/qt5/examples/widgets/richtext/textedit/textedit [stripped]
DEBUG: /usr/lib/qt5/examples/widgets/richtext/syntaxhighlighter/syntaxhighlighter [stripped]
DEBUG: /usr/lib/qt5/examples/widgets/richtext/orderform/orderform [stripped]
DEBUG: /usr/lib/qt5/examples/widgets/richtext/calendar/calendar [stripped]
DEBUG: /usr/lib/qt5/examples/widgets/animation/appchooser/appchooser [stripped]
DEBUG: /usr/lib/qt5/examples/widgets/animation/stickman/stickman [stripped]
DEBUG: /usr/lib/qt5/examples/widgets/animation/sub-attaq/sub-attaq [stripped]
DEBUG: /usr/lib/qt5/examples/widgets/animation/states/states [stripped]
DEBUG: /usr/lib/qt5/examples/widgets/animation/easing/easing [stripped]
DEBUG: /usr/lib/qt5/examples/widgets/animation/moveblocks/moveblocks [stripped]
DEBUG: /usr/lib/qt5/examples/widgets/animation/animatedtiles/animatedtiles [stripped]
DEBUG: /usr/lib/qt5/examples/widgets/scroller/graphicsview/graphicsview [stripped]
DEBUG: /usr/lib/qt5/examples/widgets/gestures/imagegestures/imagegestures [stripped]
DEBUG: /usr/lib/qt5/examples/widgets/dialogs/findfiles/findfiles [stripped]
DEBUG: /usr/lib/qt5/examples/widgets/dialogs/licensewizard/licensewizard [stripped]
DEBUG: /usr/lib/qt5/examples/widgets/dialogs/trivialwizard/trivialwizard [stripped]
DEBUG: /usr/lib/qt5/examples/widgets/dialogs/standarddialogs/standarddialogs [stripped]
DEBUG: /usr/lib/qt5/examples/widgets/dialogs/classwizard/classwizard [stripped]
DEBUG: /usr/lib/qt5/examples/widgets/dialogs/tabdialog/tabdialog [stripped]
DEBUG: /usr/lib/qt5/examples/widgets/dialogs/extension/extension [stripped]
DEBUG: /usr/lib/qt5/examples/widgets/dialogs/configdialog/configdialog [stripped]
DEBUG: /usr/lib/qt5/examples/gui/analogclock/analogclock [stripped]
DEBUG: /usr/lib/qt5/examples/gui/openglwindow/openglwindow [stripped]
DEBUG: /usr/lib/qt5/examples/gui/rasterwindow/rasterwindow [stripped]
DEBUG: /usr/lib/qt5/examples/sql/querymodel/querymodel [stripped]
DEBUG: /usr/lib/qt5/examples/sql/sqlwidgetmapper/sqlwidgetmapper [stripped]
DEBUG: /usr/lib/qt5/examples/sql/books/books [stripped]
DEBUG: /usr/lib/qt5/examples/sql/tablemodel/tablemodel [stripped]
DEBUG: /usr/lib/qt5/examples/sql/masterdetail/masterdetail [stripped]
DEBUG: /usr/lib/qt5/examples/sql/cachedtable/cachedtable [stripped]
DEBUG: /usr/lib/qt5/examples/sql/drilldown/drilldown [stripped]
DEBUG: /usr/lib/qt5/examples/sql/sqlbrowser/sqlbrowser [stripped]
DEBUG: /usr/lib/qt5/examples/sql/relationaltablemodel/relationaltablemodel [stripped]
DEBUG: /usr/lib/qt5/examples/touch/pinchzoom/pinchzoom [stripped]
DEBUG: /usr/lib/qt5/examples/touch/fingerpaint/fingerpaint [stripped]
DEBUG: /usr/lib/qt5/examples/touch/knobs/knobs [stripped]
DEBUG: /usr/lib/qt5/examples/touch/dials/dials [stripped]
DEBUG: /usr/lib/qt5/examples/xml/dombookmarks/dombookmarks [stripped]
DEBUG: /usr/lib/qt5/examples/xml/saxbookmarks/saxbookmarks [stripped]
DEBUG: /usr/lib/qt5/examples/xml/xmlstreamlint/xmlstreamlint [stripped]
DEBUG: /usr/lib/qt5/examples/xml/htmlinfo/htmlinfo [stripped]
DEBUG: /usr/lib/qt5/examples/xml/rsslisting/rsslisting [stripped]
DEBUG: /usr/lib/qt5/examples/xml/streambookmarks/streambookmarks [stripped]
DEBUG: /usr/lib/qt5/examples/corelib/threads/semaphores/semaphores [stripped]
DEBUG: /usr/lib/qt5/examples/corelib/threads/waitconditions/waitconditions [stripped]
DEBUG: /usr/lib/qt5/examples/corelib/threads/mandelbrot/mandelbrot [stripped]
DEBUG: /usr/lib/qt5/examples/corelib/json/savegame/savegame [stripped]
DEBUG: /usr/lib/qt5/examples/corelib/tools/contiguouscache/contiguouscache [stripped]
DEBUG: /usr/lib/qt5/examples/corelib/tools/customcompleter/customtypesending [stripped]
DEBUG: /usr/lib/qt5/examples/corelib/tools/customcompleter/customtype [stripped]
DEBUG: /usr/lib/qt5/examples/corelib/ipc/localfortuneserver/localfortuneserver [stripped]
DEBUG: /usr/lib/qt5/examples/corelib/ipc/localfortuneclient/localfortuneclient [stripped]
DEBUG: /usr/lib/qt5/examples/corelib/ipc/sharedmemory/sharedmemory [stripped]
DEBUG: /usr/lib/qt5/examples/qtestlib/tutorial2/tutorial2 [stripped]
DEBUG: /usr/lib/qt5/examples/qtestlib/tutorial5/tutorial5 [stripped]
DEBUG: /usr/lib/qt5/examples/qtestlib/tutorial4/tutorial4 [stripped]
DEBUG: /usr/lib/qt5/examples/qtestlib/tutorial3/tutorial3 [stripped]
DEBUG: /usr/lib/qt5/examples/qtestlib/tutorial1/tutorial1 [stripped]
DEBUG: /usr/lib/qt5/bin/rcc [stripped]
DEBUG: /usr/lib/qt5/bin/uic [stripped]
DEBUG: /usr/lib/qt5/bin/qlalr [stripped]
DEBUG: /usr/lib/qt5/bin/qdbusxml2cpp [stripped]
DEBUG: /usr/lib/qt5/bin/moc [stripped]
DEBUG: /usr/lib/qt5/bin/qdbuscpp2xml [stripped]
DEBUG: /usr/lib/qt5/bin/qmake [stripped]
DEBUG: /usr/lib/qt5/bin/qdoc [stripped]
DEBUG: /usr/lib/qt5/plugins/platforminputcontexts/libibusplatforminputcontextplugin.so [stripped]
DEBUG: /usr/lib/qt5/plugins/platforminputcontexts/libcomposeplatforminputcontextplugin.so [stripped]
DEBUG: /usr/lib/qt5/plugins/platformthemes/libqgtk2.so [stripped]
DEBUG: /usr/lib/qt5/plugins/platforms/libqminimalegl.so [stripped]
DEBUG: /usr/lib/qt5/plugins/platforms/libqdirectfb.so [stripped]
DEBUG: /usr/lib/qt5/plugins/platforms/libqeglfs.so [stripped]
DEBUG: /usr/lib/qt5/plugins/platforms/libqkms.so [stripped]
DEBUG: /usr/lib/qt5/plugins/platforms/libqminimal.so [stripped]
DEBUG: /usr/lib/qt5/plugins/platforms/libqoffscreen.so [stripped]
DEBUG: /usr/lib/qt5/plugins/platforms/libqxcb.so [stripped]
DEBUG: /usr/lib/qt5/plugins/platforms/libqlinuxfb.so [stripped]
DEBUG: /usr/lib/qt5/plugins/generic/libqevdevtabletplugin.so [stripped]
DEBUG: /usr/lib/qt5/plugins/generic/libqevdevkeyboardplugin.so [stripped]
DEBUG: /usr/lib/qt5/plugins/generic/libqevdevmouseplugin.so [stripped]
DEBUG: /usr/lib/qt5/plugins/generic/libqevdevtouchplugin.so [stripped]
DEBUG: /usr/lib/qt5/plugins/sqldrivers/libqsqlpsql.so [stripped]
DEBUG: /usr/lib/qt5/plugins/sqldrivers/libqsqlibase.so [stripped]
DEBUG: /usr/lib/qt5/plugins/sqldrivers/libqsqlmysql.so [stripped]
DEBUG: /usr/lib/qt5/plugins/sqldrivers/libqsqlite.so [stripped]
DEBUG: /usr/lib/qt5/plugins/sqldrivers/libqsqlodbc.so [stripped]
DEBUG: /usr/lib/qt5/plugins/bearer/libqnmbearer.so [stripped]
DEBUG: /usr/lib/qt5/plugins/bearer/libqgenericbearer.so [stripped]
DEBUG: /usr/lib/qt5/plugins/bearer/libqconnmanbearer.so [stripped]
DEBUG: /usr/lib/qt5/plugins/imageformats/libqgif.so [stripped]
DEBUG: /usr/lib/qt5/plugins/imageformats/libqico.so [stripped]
DEBUG: /usr/lib/qt5/plugins/imageformats/libqjpeg.so [stripped]
DEBUG: /usr/lib/qt5/plugins/printsupport/libcupsprintersupport.so [stripped]
DEBUG: /usr/lib/pkgconfig yolu birden çok pakete ait.
DEBUG: /usr/lib/cmake yolu birden çok pakete ait.
DEBUG: /usr/lib/qt5/mkspecs yolu birden çok pakete ait.
DEBUG: /usr/lib/*.prl yolu birden çok pakete ait.
DEBUG: /usr/lib/qt5/plugins/sqldrivers/libqsqlmysql.so yolu birden çok pakete ait.
DEBUG: /usr/lib/qt5/plugins/sqldrivers/libqsqlpsql.so yolu birden çok pakete ait.
DEBUG: /usr/lib/qt5/plugins/sqldrivers/libqsqlite.so yolu birden çok pakete ait.
DEBUG: /usr/lib/qt5/plugins/sqldrivers/libqsqlodbc.so yolu birden çok pakete ait.
DEBUG: /usr/lib/qt5/plugins/sqldrivers/libqsqlibase.so yolu birden çok pakete ait.
DEBUG: /usr/lib/qt5/plugins/sqldrivers/libqsqlmysql.so yolu birden çok pakete ait.
DEBUG: /usr/lib/qt5/plugins/sqldrivers/libqsqlpsql.so yolu birden çok pakete ait.
DEBUG: /usr/lib/qt5/plugins/sqldrivers/libqsqlite.so yolu birden çok pakete ait.
DEBUG: /usr/lib/qt5/plugins/sqldrivers/libqsqlodbc.so yolu birden çok pakete ait.
DEBUG: /usr/lib/qt5/plugins/sqldrivers/libqsqlibase.so yolu birden çok pakete ait.
[32mPaket inşa ediliyor: qt5-base
[0mqt5-base-5.4.1-2-p01-x86_64.pisi oluşturuluyor... 
[32mPaket inşa ediliyor: qt5-base-devel
[0mqt5-base-devel-5.4.1-2-p01-x86_64.pisi oluşturuluyor... 
[32mPaket inşa ediliyor: qt5-sql-mysql
[0mqt5-sql-mysql-5.4.1-2-p01-x86_64.pisi oluşturuluyor... 
[32mPaket inşa ediliyor: qt5-sql-postgresql
[0mqt5-sql-postgresql-5.4.1-2-p01-x86_64.pisi oluşturuluyor... 
[32mPaket inşa ediliyor: qt5-sql-sqlite
[0mqt5-sql-sqlite-5.4.1-2-p01-x86_64.pisi oluşturuluyor... 
[32mPaket inşa ediliyor: qt5-sql-odbc
[0mqt5-sql-odbc-5.4.1-2-p01-x86_64.pisi oluşturuluyor... 
[32mPaket inşa ediliyor: qt5-sql-ibase
[0mqt5-sql-ibase-5.4.1-2-p01-x86_64.pisi oluşturuluyor... 
İnşa dizini bırakılıyor
