[01;32mKaynak paket inşa ediliyor: lxdm
[0mDEBUG: ComponentDB initialized in 0.0147428512573.
DEBUG: RepoDB initialized in 0.00974011421204.
DEBUG: InstallDB initialized in 0.0191810131073.
lxdm-0.5.0.tar.xz [önbellekte]
lxdm-pisilinux-theme.tar.xz [önbellekte]
[32mArşiv(ler) açılıyor...
[0m[32mYama uygulanıyor: default_config.patch
[0mÇalışıyor patch --remove-empty-files --no-backup-if-mismatch  -p1 -i "/home/PisiLinux/Pisicik/Desktop/lxde/base/lxdm/files/default_config.patch"
DEBUG: "patch --remove-empty-files --no-backup-if-mismatch  -p1 -i "/home/PisiLinux/Pisicik/Desktop/lxde/base/lxdm/files/default_config.patch"" dönüş değeri 0
 açıldı (/var/pisi/lxdm-0.5.0-9/work)
[32mKaynak yapılandırılıyor...
[0mSandbox açık inşa...
Çalışıyor ./configure --prefix=/usr --build=x86_64-pc-linux-gnu --mandir=/usr/share/man --infodir=/usr/share/info --datadir=/usr/share --sysconfdir=/etc --localstatedir=/var --libexecdir=/usr/libexec --prefix=/usr --sysconfdir=/etc
checking for a BSD-compatible install... /usr/bin/install -c
checking whether build environment is sane... yes
checking for a thread-safe mkdir -p... /bin/mkdir -p
checking for gawk... gawk
checking whether make sets $(MAKE)... yes
checking whether make supports nested variables... yes
checking for gcc... x86_64-pc-linux-gnu-gcc
checking whether the C compiler works... yes
checking for C compiler default output file name... a.out
checking for suffix of executables... 
checking whether we are cross compiling... no
checking for suffix of object files... o
checking whether we are using the GNU C compiler... yes
checking whether x86_64-pc-linux-gnu-gcc accepts -g... yes
checking for x86_64-pc-linux-gnu-gcc option to accept ISO C89... none needed
checking for style of include used by make... GNU
checking dependency style of x86_64-pc-linux-gnu-gcc... gcc3
checking whether x86_64-pc-linux-gnu-gcc and cc understand -c and -o together... yes
checking for crypt in -lcrypt... yes
checking for library containing pam_open_session... -lpam
checking for pam_open_session... yes
checking how to run the C preprocessor... x86_64-pc-linux-gnu-gcc -E
checking for X... libraries , headers 
checking for grep that handles long lines and -e... /bin/grep
checking for egrep... /bin/grep -E
checking for ANSI C header files... yes
checking for sys/types.h... yes
checking for sys/stat.h... yes
checking for stdlib.h... yes
checking for string.h... yes
checking for memory.h... yes
checking for strings.h... yes
checking for inttypes.h... yes
checking for stdint.h... yes
checking for unistd.h... yes
checking shadow.h usability... yes
checking shadow.h presence... yes
checking for shadow.h... yes
checking for stdlib.h... (cached) yes
checking for string.h... (cached) yes
checking for unistd.h... (cached) yes
checking utmpx.h usability... yes
checking utmpx.h presence... yes
checking for utmpx.h... yes
checking for pid_t... yes
checking vfork.h usability... no
checking vfork.h presence... no
checking for vfork.h... no
checking for fork... yes
checking for vfork... yes
checking for working fork... yes
checking for working vfork... (cached) yes
checking for atexit... yes
checking for endpwent... yes
checking for getspnam... yes
checking for getusershell... yes
checking for memset... yes
checking for putenv... yes
checking for strstr... yes
checking whether iso-codes has iso-639 domain... yes
checking whether NLS is requested... yes
checking for intltool >= 0.40.0... 0.50.2 found
checking for intltool-update... /usr/bin/intltool-update
checking for intltool-merge... /usr/bin/intltool-merge
checking for intltool-extract... /usr/bin/intltool-extract
checking for xgettext... /usr/bin/xgettext
checking for msgmerge... /usr/bin/msgmerge
checking for msgfmt... /usr/bin/msgfmt
checking for gmsgfmt... /usr/bin/msgfmt
checking for perl... /usr/bin/perl
checking for perl >= 5.8.1... 5.20.0
checking for XML::Parser... ok
checking for pkg-config... /usr/bin/pkg-config
checking pkg-config is at least version 0.9.0... yes
checking for XLIB... yes
checking for GLIB... yes
checking for GDK... yes
checking for GTK... yes
checking for CONSOLEKIT... yes
checking for ck_connector_open_session in -lck-connector... yes
checking for XCONN... yes
checking that generated files are newer than configure... done
configure: creating ./config.status
config.status: creating Makefile
config.status: creating lxdm.spec
config.status: creating src/Makefile
config.status: creating po/Makefile.in
config.status: creating pam/Makefile
config.status: creating systemd/Makefile
config.status: creating data/Makefile
config.status: creating data/PostLogin
config.status: creating data/PostLogout
config.status: creating data/PreLogin
config.status: creating data/PreReboot
config.status: creating data/PreShutdown
config.status: creating data/LoginReady
config.status: creating data/lxdm
config.status: creating config.h
config.status: executing depfiles commands
config.status: executing po/stamp-it commands
DEBUG: "./configure --prefix=/usr --build=x86_64-pc-linux-gnu --mandir=/usr/share/man --infodir=/usr/share/info --datadir=/usr/share --sysconfdir=/etc --localstatedir=/var --libexecdir=/usr/libexec --prefix=/usr --sysconfdir=/etc" dönüş değeri 0
[32mKaynak inşa ediliyor...
[0mSandbox açık inşa...
Çalışıyor make -j5
make  all-recursive
make[1]: Entering directory '/var/pisi/lxdm-0.5.0-9/work/lxdm-0.5.0'
Making all in src
make[2]: Entering directory '/var/pisi/lxdm-0.5.0-9/work/lxdm-0.5.0/src'
x86_64-pc-linux-gnu-gcc -DHAVE_CONFIG_H -I. -I..    -pthread -I/usr/include/gtk-2.0 -I/usr/lib/gtk-2.0/include -I/usr/include/pango-1.0 -I/usr/include/atk-1.0 -I/usr/include/cairo -I/usr/include/pixman-1 -I/usr/include/libdrm -I/usr/include/gdk-pixbuf-2.0 -I/usr/include/libpng16 -I/usr/include/pango-1.0 -I/usr/include/glib-2.0 -I/usr/lib/glib-2.0/include -I/usr/include/freetype2 -I/usr/include/libpng16 -I/usr/include/harfbuzz -I/usr/include/freetype2 -I/usr/include/libpng16 -I/usr/include/harfbuzz  -DCONFIG_FILE=\"/etc/lxdm/lxdm.conf\" -DLXDM_DATA_DIR=\"/usr/share/lxdm\"  -mtune=generic -march=x86-64 -O2 -pipe -fstack-protector -D_FORTIFY_SOURCE=2 -g -fPIC -DLXDM_XCONN_XCB -MT lxdm_config-config.o -MD -MP -MF .deps/lxdm_config-config.Tpo -c -o lxdm_config-config.o `test -f 'config.c' || echo './'`config.c
x86_64-pc-linux-gnu-gcc -DHAVE_CONFIG_H -I. -I..    -pthread -I/usr/include/gtk-2.0 -I/usr/lib/gtk-2.0/include -I/usr/include/pango-1.0 -I/usr/include/atk-1.0 -I/usr/include/cairo -I/usr/include/pixman-1 -I/usr/include/libdrm -I/usr/include/gdk-pixbuf-2.0 -I/usr/include/libpng16 -I/usr/include/pango-1.0 -I/usr/include/glib-2.0 -I/usr/lib/glib-2.0/include -I/usr/include/freetype2 -I/usr/include/libpng16 -I/usr/include/harfbuzz -I/usr/include/freetype2 -I/usr/include/libpng16 -I/usr/include/harfbuzz  -DCONFIG_FILE=\"/etc/lxdm/lxdm.conf\" -DXSESSIONS_DIR=\"/usr/share/xsessions\" -DLXDM_DATA_DIR=\"/usr/share/lxdm\" -DPACKAGE_LOCALE_DIR=\"/usr/share/locale\" -DGNOMELOCALEDIR=\"/usr/share/locale\" -DLIBLOCALEDIR=\"/usr/lib/locale\" -Werror-implicit-function-declaration -Wall  -mtune=generic -march=x86-64 -O2 -pipe -fstack-protector -D_FORTIFY_SOURCE=2 -g -fPIC -DLXDM_XCONN_XCB -MT lxdm_greeter_gdk-greeter-gdk.o -MD -MP -MF .deps/lxdm_greeter_gdk-greeter-gdk.Tpo -c -o lxdm_greeter_gdk-greeter-gdk.o `test -f 'greeter-gdk.c' || echo './'`greeter-gdk.c
x86_64-pc-linux-gnu-gcc -DHAVE_CONFIG_H -I. -I..    -pthread -I/usr/include/gtk-2.0 -I/usr/lib/gtk-2.0/include -I/usr/include/pango-1.0 -I/usr/include/atk-1.0 -I/usr/include/cairo -I/usr/include/pixman-1 -I/usr/include/libdrm -I/usr/include/gdk-pixbuf-2.0 -I/usr/include/libpng16 -I/usr/include/pango-1.0 -I/usr/include/glib-2.0 -I/usr/lib/glib-2.0/include -I/usr/include/freetype2 -I/usr/include/libpng16 -I/usr/include/harfbuzz -I/usr/include/freetype2 -I/usr/include/libpng16 -I/usr/include/harfbuzz  -DCONFIG_FILE=\"/etc/lxdm/lxdm.conf\" -DXSESSIONS_DIR=\"/usr/share/xsessions\" -DLXDM_DATA_DIR=\"/usr/share/lxdm\" -DPACKAGE_LOCALE_DIR=\"/usr/share/locale\" -DGNOMELOCALEDIR=\"/usr/share/locale\" -DLIBLOCALEDIR=\"/usr/lib/locale\" -Werror-implicit-function-declaration -Wall  -mtune=generic -march=x86-64 -O2 -pipe -fstack-protector -D_FORTIFY_SOURCE=2 -g -fPIC -DLXDM_XCONN_XCB -MT lxdm_greeter_gdk-greeter-utils.o -MD -MP -MF .deps/lxdm_greeter_gdk-greeter-utils.Tpo -c -o lxdm_greeter_gdk-greeter-utils.o `test -f 'greeter-utils.c' || echo './'`greeter-utils.c
x86_64-pc-linux-gnu-gcc -DHAVE_CONFIG_H -I. -I..     -DLXDM_NUMLOCK_PATH=\"/usr/libexec/lxdm-numlock\"  -mtune=generic -march=x86-64 -O2 -pipe -fstack-protector -D_FORTIFY_SOURCE=2 -g -fPIC -DLXDM_XCONN_XCB -MT lxdm_numlock-numlock.o -MD -MP -MF .deps/lxdm_numlock-numlock.Tpo -c -o lxdm_numlock-numlock.o `test -f 'numlock.c' || echo './'`numlock.c
x86_64-pc-linux-gnu-gcc -DHAVE_CONFIG_H -I. -I..    -pthread -I/usr/include/gtk-2.0 -I/usr/lib/gtk-2.0/include -I/usr/include/pango-1.0 -I/usr/include/atk-1.0 -I/usr/include/cairo -I/usr/include/pixman-1 -I/usr/include/libdrm -I/usr/include/gdk-pixbuf-2.0 -I/usr/include/libpng16 -I/usr/include/pango-1.0 -I/usr/include/glib-2.0 -I/usr/lib/glib-2.0/include -I/usr/include/freetype2 -I/usr/include/libpng16 -I/usr/include/harfbuzz -I/usr/include/freetype2 -I/usr/include/libpng16 -I/usr/include/harfbuzz  -DCONFIG_FILE=\"/etc/lxdm/lxdm.conf\" -DXSESSIONS_DIR=\"/usr/share/xsessions\" -DLXDM_DATA_DIR=\"/usr/share/lxdm\" -DPACKAGE_LOCALE_DIR=\"/usr/share/locale\" -DGNOMELOCALEDIR=\"/usr/share/locale\" -DLIBLOCALEDIR=\"/usr/lib/locale\" -Werror-implicit-function-declaration -Wall  -mtune=generic -march=x86-64 -O2 -pipe -fstack-protector -D_FORTIFY_SOURCE=2 -g -fPIC -DLXDM_XCONN_XCB -MT lxdm_greeter_gtk-greeter.o -MD -MP -MF .deps/lxdm_greeter_gtk-greeter.Tpo -c -o lxdm_greeter_gtk-greeter.o `test -f 'greeter.c' || echo './'`greeter.c
mv -f .deps/lxdm_numlock-numlock.Tpo .deps/lxdm_numlock-numlock.Po
x86_64-pc-linux-gnu-gcc -DHAVE_CONFIG_H -I. -I..    -pthread -I/usr/include/gtk-2.0 -I/usr/lib/gtk-2.0/include -I/usr/include/pango-1.0 -I/usr/include/atk-1.0 -I/usr/include/cairo -I/usr/include/pixman-1 -I/usr/include/libdrm -I/usr/include/gdk-pixbuf-2.0 -I/usr/include/libpng16 -I/usr/include/pango-1.0 -I/usr/include/glib-2.0 -I/usr/lib/glib-2.0/include -I/usr/include/freetype2 -I/usr/include/libpng16 -I/usr/include/harfbuzz -I/usr/include/freetype2 -I/usr/include/libpng16 -I/usr/include/harfbuzz  -DCONFIG_FILE=\"/etc/lxdm/lxdm.conf\" -DXSESSIONS_DIR=\"/usr/share/xsessions\" -DLXDM_DATA_DIR=\"/usr/share/lxdm\" -DPACKAGE_LOCALE_DIR=\"/usr/share/locale\" -DGNOMELOCALEDIR=\"/usr/share/locale\" -DLIBLOCALEDIR=\"/usr/lib/locale\" -Werror-implicit-function-declaration -Wall  -mtune=generic -march=x86-64 -O2 -pipe -fstack-protector -D_FORTIFY_SOURCE=2 -g -fPIC -DLXDM_XCONN_XCB -MT lxdm_greeter_gtk-lang.o -MD -MP -MF .deps/lxdm_greeter_gtk-lang.Tpo -c -o lxdm_greeter_gtk-lang.o `test -f 'lang.c' || echo './'`lang.c
mv -f .deps/lxdm_greeter_gtk-lang.Tpo .deps/lxdm_greeter_gtk-lang.Po
x86_64-pc-linux-gnu-gcc -DHAVE_CONFIG_H -I. -I..    -pthread -I/usr/include/gtk-2.0 -I/usr/lib/gtk-2.0/include -I/usr/include/pango-1.0 -I/usr/include/atk-1.0 -I/usr/include/cairo -I/usr/include/pixman-1 -I/usr/include/libdrm -I/usr/include/gdk-pixbuf-2.0 -I/usr/include/libpng16 -I/usr/include/pango-1.0 -I/usr/include/glib-2.0 -I/usr/lib/glib-2.0/include -I/usr/include/freetype2 -I/usr/include/libpng16 -I/usr/include/harfbuzz -I/usr/include/freetype2 -I/usr/include/libpng16 -I/usr/include/harfbuzz  -DCONFIG_FILE=\"/etc/lxdm/lxdm.conf\" -DXSESSIONS_DIR=\"/usr/share/xsessions\" -DLXDM_DATA_DIR=\"/usr/share/lxdm\" -DPACKAGE_LOCALE_DIR=\"/usr/share/locale\" -DGNOMELOCALEDIR=\"/usr/share/locale\" -DLIBLOCALEDIR=\"/usr/lib/locale\" -Werror-implicit-function-declaration -Wall  -mtune=generic -march=x86-64 -O2 -pipe -fstack-protector -D_FORTIFY_SOURCE=2 -g -fPIC -DLXDM_XCONN_XCB -MT lxdm_greeter_gtk-lxcom.o -MD -MP -MF .deps/lxdm_greeter_gtk-lxcom.Tpo -c -o lxdm_greeter_gtk-lxcom.o `test -f 'lxcom.c' || echo './'`lxcom.c
mv -f .deps/lxdm_greeter_gdk-greeter-gdk.Tpo .deps/lxdm_greeter_gdk-greeter-gdk.Po
x86_64-pc-linux-gnu-gcc -DHAVE_CONFIG_H -I. -I..    -pthread -I/usr/include/gtk-2.0 -I/usr/lib/gtk-2.0/include -I/usr/include/pango-1.0 -I/usr/include/atk-1.0 -I/usr/include/cairo -I/usr/include/pixman-1 -I/usr/include/libdrm -I/usr/include/gdk-pixbuf-2.0 -I/usr/include/libpng16 -I/usr/include/pango-1.0 -I/usr/include/glib-2.0 -I/usr/lib/glib-2.0/include -I/usr/include/freetype2 -I/usr/include/libpng16 -I/usr/include/harfbuzz -I/usr/include/freetype2 -I/usr/include/libpng16 -I/usr/include/harfbuzz  -DCONFIG_FILE=\"/etc/lxdm/lxdm.conf\" -DXSESSIONS_DIR=\"/usr/share/xsessions\" -DLXDM_DATA_DIR=\"/usr/share/lxdm\" -DPACKAGE_LOCALE_DIR=\"/usr/share/locale\" -DGNOMELOCALEDIR=\"/usr/share/locale\" -DLIBLOCALEDIR=\"/usr/lib/locale\" -Werror-implicit-function-declaration -Wall  -mtune=generic -march=x86-64 -O2 -pipe -fstack-protector -D_FORTIFY_SOURCE=2 -g -fPIC -DLXDM_XCONN_XCB -MT lxdm_greeter_gtk-greeter-utils.o -MD -MP -MF .deps/lxdm_greeter_gtk-greeter-utils.Tpo -c -o lxdm_greeter_gtk-greeter-utils.o `test -f 'greeter-utils.c' || echo './'`greeter-utils.c
mv -f .deps/lxdm_greeter_gtk-lxcom.Tpo .deps/lxdm_greeter_gtk-lxcom.Po
x86_64-pc-linux-gnu-gcc -DHAVE_CONFIG_H -I. -I..    -I/usr/include/glib-2.0 -I/usr/lib/glib-2.0/include   -mtune=generic -march=x86-64 -O2 -pipe -fstack-protector -D_FORTIFY_SOURCE=2 -g -fPIC -DLXDM_XCONN_XCB -MT lxdm_session-pam.o -MD -MP -MF .deps/lxdm_session-pam.Tpo -c -o lxdm_session-pam.o `test -f 'pam.c' || echo './'`pam.c
mv -f .deps/lxdm_greeter_gdk-greeter-utils.Tpo .deps/lxdm_greeter_gdk-greeter-utils.Po
x86_64-pc-linux-gnu-gcc -DHAVE_CONFIG_H -I. -I..    -I/usr/include/glib-2.0 -I/usr/lib/glib-2.0/include  -DCONFIG_FILE=\"/etc/lxdm/lxdm.conf\" -DXSESSIONS_DIR=\"/usr/share/xsessions\" -DLXDM_DATA_DIR=/usr/share/lxdm -DLXDM_NUMLOCK_PATH=\"/usr/libexec/lxdm-numlock\" -DLXDM_SESSION_PATH=\"/usr/libexec/lxdm-session\" -I/usr/include/ConsoleKit/ck-connector -I/usr/include/dbus-1.0 -I/usr/lib/dbus-1.0/include  -Werror-implicit-function-declaration -Wall  -mtune=generic -march=x86-64 -O2 -pipe -fstack-protector -D_FORTIFY_SOURCE=2 -g -fPIC -DLXDM_XCONN_XCB -MT lxdm_binary-lxdm.o -MD -MP -MF .deps/lxdm_binary-lxdm.Tpo -c -o lxdm_binary-lxdm.o `test -f 'lxdm.c' || echo './'`lxdm.c
mv -f .deps/lxdm_config-config.Tpo .deps/lxdm_config-config.Po
x86_64-pc-linux-gnu-gcc -DHAVE_CONFIG_H -I. -I..    -I/usr/include/glib-2.0 -I/usr/lib/glib-2.0/include  -DCONFIG_FILE=\"/etc/lxdm/lxdm.conf\" -DXSESSIONS_DIR=\"/usr/share/xsessions\" -DLXDM_DATA_DIR=/usr/share/lxdm -DLXDM_NUMLOCK_PATH=\"/usr/libexec/lxdm-numlock\" -DLXDM_SESSION_PATH=\"/usr/libexec/lxdm-session\" -I/usr/include/ConsoleKit/ck-connector -I/usr/include/dbus-1.0 -I/usr/lib/dbus-1.0/include  -Werror-implicit-function-declaration -Wall  -mtune=generic -march=x86-64 -O2 -pipe -fstack-protector -D_FORTIFY_SOURCE=2 -g -fPIC -DLXDM_XCONN_XCB -MT lxdm_binary-ui.o -MD -MP -MF .deps/lxdm_binary-ui.Tpo -c -o lxdm_binary-ui.o `test -f 'ui.c' || echo './'`ui.c
mv -f .deps/lxdm_session-pam.Tpo .deps/lxdm_session-pam.Po
x86_64-pc-linux-gnu-gcc -DHAVE_CONFIG_H -I. -I..    -I/usr/include/glib-2.0 -I/usr/lib/glib-2.0/include  -DCONFIG_FILE=\"/etc/lxdm/lxdm.conf\" -DXSESSIONS_DIR=\"/usr/share/xsessions\" -DLXDM_DATA_DIR=/usr/share/lxdm -DLXDM_NUMLOCK_PATH=\"/usr/libexec/lxdm-numlock\" -DLXDM_SESSION_PATH=\"/usr/libexec/lxdm-session\" -I/usr/include/ConsoleKit/ck-connector -I/usr/include/dbus-1.0 -I/usr/lib/dbus-1.0/include  -Werror-implicit-function-declaration -Wall  -mtune=generic -march=x86-64 -O2 -pipe -fstack-protector -D_FORTIFY_SOURCE=2 -g -fPIC -DLXDM_XCONN_XCB -MT lxdm_binary-lxcom.o -MD -MP -MF .deps/lxdm_binary-lxcom.Tpo -c -o lxdm_binary-lxcom.o `test -f 'lxcom.c' || echo './'`lxcom.c
mv -f .deps/lxdm_greeter_gtk-greeter.Tpo .deps/lxdm_greeter_gtk-greeter.Po
x86_64-pc-linux-gnu-gcc -DHAVE_CONFIG_H -I. -I..    -I/usr/include/glib-2.0 -I/usr/lib/glib-2.0/include  -DCONFIG_FILE=\"/etc/lxdm/lxdm.conf\" -DXSESSIONS_DIR=\"/usr/share/xsessions\" -DLXDM_DATA_DIR=/usr/share/lxdm -DLXDM_NUMLOCK_PATH=\"/usr/libexec/lxdm-numlock\" -DLXDM_SESSION_PATH=\"/usr/libexec/lxdm-session\" -I/usr/include/ConsoleKit/ck-connector -I/usr/include/dbus-1.0 -I/usr/lib/dbus-1.0/include  -Werror-implicit-function-declaration -Wall  -mtune=generic -march=x86-64 -O2 -pipe -fstack-protector -D_FORTIFY_SOURCE=2 -g -fPIC -DLXDM_XCONN_XCB -MT lxdm_binary-xconn.o -MD -MP -MF .deps/lxdm_binary-xconn.Tpo -c -o lxdm_binary-xconn.o `test -f 'xconn.c' || echo './'`xconn.c
mv -f .deps/lxdm_binary-ui.Tpo .deps/lxdm_binary-ui.Po
mv -f .deps/lxdm_greeter_gtk-greeter-utils.Tpo .deps/lxdm_greeter_gtk-greeter-utils.Po
x86_64-pc-linux-gnu-gcc -DHAVE_CONFIG_H -I. -I..    -I/usr/include/glib-2.0 -I/usr/lib/glib-2.0/include  -DCONFIG_FILE=\"/etc/lxdm/lxdm.conf\" -DXSESSIONS_DIR=\"/usr/share/xsessions\" -DLXDM_DATA_DIR=/usr/share/lxdm -DLXDM_NUMLOCK_PATH=\"/usr/libexec/lxdm-numlock\" -DLXDM_SESSION_PATH=\"/usr/libexec/lxdm-session\" -I/usr/include/ConsoleKit/ck-connector -I/usr/include/dbus-1.0 -I/usr/lib/dbus-1.0/include  -Werror-implicit-function-declaration -Wall  -mtune=generic -march=x86-64 -O2 -pipe -fstack-protector -D_FORTIFY_SOURCE=2 -g -fPIC -DLXDM_XCONN_XCB -MT lxdm_binary-auth.o -MD -MP -MF .deps/lxdm_binary-auth.Tpo -c -o lxdm_binary-auth.o `test -f 'auth.c' || echo './'`auth.c
x86_64-pc-linux-gnu-gcc -pthread -I/usr/include/gtk-2.0 -I/usr/lib/gtk-2.0/include -I/usr/include/pango-1.0 -I/usr/include/atk-1.0 -I/usr/include/cairo -I/usr/include/pixman-1 -I/usr/include/libdrm -I/usr/include/gdk-pixbuf-2.0 -I/usr/include/libpng16 -I/usr/include/pango-1.0 -I/usr/include/glib-2.0 -I/usr/lib/glib-2.0/include -I/usr/include/freetype2 -I/usr/include/libpng16 -I/usr/include/harfbuzz -I/usr/include/freetype2 -I/usr/include/libpng16 -I/usr/include/harfbuzz  -DCONFIG_FILE=\"/etc/lxdm/lxdm.conf\" -DLXDM_DATA_DIR=\"/usr/share/lxdm\"  -mtune=generic -march=x86-64 -O2 -pipe -fstack-protector -D_FORTIFY_SOURCE=2 -g -fPIC -DLXDM_XCONN_XCB  -Wl,-O1 -Wl,-z,relro -Wl,--hash-style=gnu -Wl,--as-needed -Wl,--sort-common -o lxdm-config lxdm_config-config.o  -lgtk-x11-2.0 -lgdk-x11-2.0 -lpangocairo-1.0 -latk-1.0 -lcairo -lgdk_pixbuf-2.0 -lgio-2.0 -lpangoft2-1.0 -lpango-1.0 -lgobject-2.0 -lglib-2.0 -lfontconfig -lfreetype   -lck-connector -lpam -lcrypt 
mv -f .deps/lxdm_binary-lxcom.Tpo .deps/lxdm_binary-lxcom.Po
x86_64-pc-linux-gnu-gcc -pthread -I/usr/include/gtk-2.0 -I/usr/lib/gtk-2.0/include -I/usr/include/pango-1.0 -I/usr/include/atk-1.0 -I/usr/include/cairo -I/usr/include/pixman-1 -I/usr/include/libdrm -I/usr/include/gdk-pixbuf-2.0 -I/usr/include/libpng16 -I/usr/include/pango-1.0 -I/usr/include/glib-2.0 -I/usr/lib/glib-2.0/include -I/usr/include/freetype2 -I/usr/include/libpng16 -I/usr/include/harfbuzz -I/usr/include/freetype2 -I/usr/include/libpng16 -I/usr/include/harfbuzz  -DCONFIG_FILE=\"/etc/lxdm/lxdm.conf\" -DXSESSIONS_DIR=\"/usr/share/xsessions\" -DLXDM_DATA_DIR=\"/usr/share/lxdm\" -DPACKAGE_LOCALE_DIR=\"/usr/share/locale\" -DGNOMELOCALEDIR=\"/usr/share/locale\" -DLIBLOCALEDIR=\"/usr/lib/locale\" -Werror-implicit-function-declaration -Wall  -mtune=generic -march=x86-64 -O2 -pipe -fstack-protector -D_FORTIFY_SOURCE=2 -g -fPIC -DLXDM_XCONN_XCB  -Wl,-O1 -Wl,-z,relro -Wl,--hash-style=gnu -Wl,--as-needed -Wl,--sort-common -o lxdm-greeter-gdk lxdm_greeter_gdk-greeter-gdk.o lxdm_greeter_gdk-greeter-utils.o -lX11  -lgdk-x11-2.0 -lpangocairo-1.0 -lpango-1.0 -lcairo -lgdk_pixbuf-2.0 -lgobject-2.0 -lglib-2.0   -lck-connector -lpam -lcrypt 
mv -f .deps/lxdm_binary-xconn.Tpo .deps/lxdm_binary-xconn.Po
x86_64-pc-linux-gnu-gcc  -DLXDM_NUMLOCK_PATH=\"/usr/libexec/lxdm-numlock\"  -mtune=generic -march=x86-64 -O2 -pipe -fstack-protector -D_FORTIFY_SOURCE=2 -g -fPIC -DLXDM_XCONN_XCB  -Wl,-O1 -Wl,-z,relro -Wl,--hash-style=gnu -Wl,--as-needed -Wl,--sort-common -o lxdm-numlock lxdm_numlock-numlock.o  -lX11   -lck-connector -lpam -lcrypt 
x86_64-pc-linux-gnu-gcc -DHAVE_CONFIG_H -I. -I..    -pthread -I/usr/include/gtk-2.0 -I/usr/lib/gtk-2.0/include -I/usr/include/pango-1.0 -I/usr/include/atk-1.0 -I/usr/include/cairo -I/usr/include/pixman-1 -I/usr/include/libdrm -I/usr/include/gdk-pixbuf-2.0 -I/usr/include/libpng16 -I/usr/include/pango-1.0 -I/usr/include/glib-2.0 -I/usr/lib/glib-2.0/include -I/usr/include/freetype2 -I/usr/include/libpng16 -I/usr/include/harfbuzz -I/usr/include/freetype2 -I/usr/include/libpng16 -I/usr/include/harfbuzz  -DCONFIG_FILE=\"/etc/lxdm/lxdm.conf\" -DXSESSIONS_DIR=\"/usr/share/xsessions\" -DLXDM_DATA_DIR=\"/usr/share/lxdm\" -DPACKAGE_LOCALE_DIR=\"/usr/share/locale\" -DGNOMELOCALEDIR=\"/usr/share/locale\" -DLIBLOCALEDIR=\"/usr/lib/locale\" -Werror-implicit-function-declaration -Wall  -mtune=generic -march=x86-64 -O2 -pipe -fstack-protector -D_FORTIFY_SOURCE=2 -g -fPIC -DLXDM_XCONN_XCB -MT gdm/lxdm_greeter_gtk-gdm-languages.o -MD -MP -MF gdm/.deps/lxdm_greeter_gtk-gdm-languages.Tpo -c -o gdm/lxdm_greeter_gtk-gdm-languages.o `test -f 'gdm/gdm-languages.c' || echo './'`gdm/gdm-languages.c
mv -f .deps/lxdm_binary-auth.Tpo .deps/lxdm_binary-auth.Po
x86_64-pc-linux-gnu-gcc -I/usr/include/glib-2.0 -I/usr/lib/glib-2.0/include   -mtune=generic -march=x86-64 -O2 -pipe -fstack-protector -D_FORTIFY_SOURCE=2 -g -fPIC -DLXDM_XCONN_XCB  -Wl,-O1 -Wl,-z,relro -Wl,--hash-style=gnu -Wl,--as-needed -Wl,--sort-common -o lxdm-session lxdm_session-pam.o  -lglib-2.0   -lck-connector -lpam -lcrypt 
mv -f .deps/lxdm_binary-lxdm.Tpo .deps/lxdm_binary-lxdm.Po
x86_64-pc-linux-gnu-gcc -I/usr/include/glib-2.0 -I/usr/lib/glib-2.0/include  -DCONFIG_FILE=\"/etc/lxdm/lxdm.conf\" -DXSESSIONS_DIR=\"/usr/share/xsessions\" -DLXDM_DATA_DIR=/usr/share/lxdm -DLXDM_NUMLOCK_PATH=\"/usr/libexec/lxdm-numlock\" -DLXDM_SESSION_PATH=\"/usr/libexec/lxdm-session\" -I/usr/include/ConsoleKit/ck-connector -I/usr/include/dbus-1.0 -I/usr/lib/dbus-1.0/include  -Werror-implicit-function-declaration -Wall  -mtune=generic -march=x86-64 -O2 -pipe -fstack-protector -D_FORTIFY_SOURCE=2 -g -fPIC -DLXDM_XCONN_XCB  -Wl,-O1 -Wl,-z,relro -Wl,--hash-style=gnu -Wl,--as-needed -Wl,--sort-common -o lxdm-binary lxdm_binary-lxdm.o lxdm_binary-ui.o lxdm_binary-lxcom.o lxdm_binary-xconn.o lxdm_binary-auth.o  -lglib-2.0  -lxcb  -lck-connector -ldbus-1   -lck-connector -lpam -lcrypt 
mv -f gdm/.deps/lxdm_greeter_gtk-gdm-languages.Tpo gdm/.deps/lxdm_greeter_gtk-gdm-languages.Po
x86_64-pc-linux-gnu-gcc -pthread -I/usr/include/gtk-2.0 -I/usr/lib/gtk-2.0/include -I/usr/include/pango-1.0 -I/usr/include/atk-1.0 -I/usr/include/cairo -I/usr/include/pixman-1 -I/usr/include/libdrm -I/usr/include/gdk-pixbuf-2.0 -I/usr/include/libpng16 -I/usr/include/pango-1.0 -I/usr/include/glib-2.0 -I/usr/lib/glib-2.0/include -I/usr/include/freetype2 -I/usr/include/libpng16 -I/usr/include/harfbuzz -I/usr/include/freetype2 -I/usr/include/libpng16 -I/usr/include/harfbuzz  -DCONFIG_FILE=\"/etc/lxdm/lxdm.conf\" -DXSESSIONS_DIR=\"/usr/share/xsessions\" -DLXDM_DATA_DIR=\"/usr/share/lxdm\" -DPACKAGE_LOCALE_DIR=\"/usr/share/locale\" -DGNOMELOCALEDIR=\"/usr/share/locale\" -DLIBLOCALEDIR=\"/usr/lib/locale\" -Werror-implicit-function-declaration -Wall  -mtune=generic -march=x86-64 -O2 -pipe -fstack-protector -D_FORTIFY_SOURCE=2 -g -fPIC -DLXDM_XCONN_XCB  -Wl,-O1 -Wl,-z,relro -Wl,--hash-style=gnu -Wl,--as-needed -Wl,--sort-common -o lxdm-greeter-gtk lxdm_greeter_gtk-greeter.o lxdm_greeter_gtk-lang.o gdm/lxdm_greeter_gtk-gdm-languages.o lxdm_greeter_gtk-lxcom.o lxdm_greeter_gtk-greeter-utils.o  -lX11  -lgtk-x11-2.0 -lgdk-x11-2.0 -lpangocairo-1.0 -latk-1.0 -lcairo -lgdk_pixbuf-2.0 -lgio-2.0 -lpangoft2-1.0 -lpango-1.0 -lgobject-2.0 -lglib-2.0 -lfontconfig -lfreetype   -lck-connector -lpam -lcrypt 
make[2]: Leaving directory '/var/pisi/lxdm-0.5.0-9/work/lxdm-0.5.0/src'
Making all in po
make[2]: Entering directory '/var/pisi/lxdm-0.5.0-9/work/lxdm-0.5.0/po'
file=`echo af | sed 's,.*/,,'`.gmo \
  && rm -f $file && /usr/bin/msgfmt -o $file af.po
file=`echo ar | sed 's,.*/,,'`.gmo \
  && rm -f $file && /usr/bin/msgfmt -o $file ar.po
file=`echo bg | sed 's,.*/,,'`.gmo \
  && rm -f $file && /usr/bin/msgfmt -o $file bg.po
file=`echo bn_IN | sed 's,.*/,,'`.gmo \
  && rm -f $file && /usr/bin/msgfmt -o $file bn_IN.po
file=`echo ca | sed 's,.*/,,'`.gmo \
  && rm -f $file && /usr/bin/msgfmt -o $file ca.po
file=`echo cs | sed 's,.*/,,'`.gmo \
  && rm -f $file && /usr/bin/msgfmt -o $file cs.po
file=`echo da | sed 's,.*/,,'`.gmo \
  && rm -f $file && /usr/bin/msgfmt -o $file da.po
file=`echo de | sed 's,.*/,,'`.gmo \
  && rm -f $file && /usr/bin/msgfmt -o $file de.po
file=`echo el | sed 's,.*/,,'`.gmo \
  && rm -f $file && /usr/bin/msgfmt -o $file el.po
file=`echo es | sed 's,.*/,,'`.gmo \
  && rm -f $file && /usr/bin/msgfmt -o $file es.po
file=`echo es_VE | sed 's,.*/,,'`.gmo \
  && rm -f $file && /usr/bin/msgfmt -o $file es_VE.po
file=`echo et | sed 's,.*/,,'`.gmo \
  && rm -f $file && /usr/bin/msgfmt -o $file et.po
file=`echo eu | sed 's,.*/,,'`.gmo \
  && rm -f $file && /usr/bin/msgfmt -o $file eu.po
file=`echo fa | sed 's,.*/,,'`.gmo \
  && rm -f $file && /usr/bin/msgfmt -o $file fa.po
file=`echo fi | sed 's,.*/,,'`.gmo \
  && rm -f $file && /usr/bin/msgfmt -o $file fi.po
file=`echo fr | sed 's,.*/,,'`.gmo \
  && rm -f $file && /usr/bin/msgfmt -o $file fr.po
file=`echo frp | sed 's,.*/,,'`.gmo \
  && rm -f $file && /usr/bin/msgfmt -o $file frp.po
file=`echo gl | sed 's,.*/,,'`.gmo \
  && rm -f $file && /usr/bin/msgfmt -o $file gl.po
file=`echo he | sed 's,.*/,,'`.gmo \
  && rm -f $file && /usr/bin/msgfmt -o $file he.po
file=`echo hr | sed 's,.*/,,'`.gmo \
  && rm -f $file && /usr/bin/msgfmt -o $file hr.po
file=`echo hu | sed 's,.*/,,'`.gmo \
  && rm -f $file && /usr/bin/msgfmt -o $file hu.po
file=`echo id | sed 's,.*/,,'`.gmo \
  && rm -f $file && /usr/bin/msgfmt -o $file id.po
file=`echo it | sed 's,.*/,,'`.gmo \
  && rm -f $file && /usr/bin/msgfmt -o $file it.po
file=`echo ja | sed 's,.*/,,'`.gmo \
  && rm -f $file && /usr/bin/msgfmt -o $file ja.po
file=`echo ko | sed 's,.*/,,'`.gmo \
  && rm -f $file && /usr/bin/msgfmt -o $file ko.po
file=`echo lt | sed 's,.*/,,'`.gmo \
  && rm -f $file && /usr/bin/msgfmt -o $file lt.po
file=`echo ml | sed 's,.*/,,'`.gmo \
  && rm -f $file && /usr/bin/msgfmt -o $file ml.po
file=`echo ms | sed 's,.*/,,'`.gmo \
  && rm -f $file && /usr/bin/msgfmt -o $file ms.po
file=`echo nb | sed 's,.*/,,'`.gmo \
  && rm -f $file && /usr/bin/msgfmt -o $file nb.po
file=`echo nl | sed 's,.*/,,'`.gmo \
  && rm -f $file && /usr/bin/msgfmt -o $file nl.po
file=`echo nn | sed 's,.*/,,'`.gmo \
  && rm -f $file && /usr/bin/msgfmt -o $file nn.po
file=`echo pl | sed 's,.*/,,'`.gmo \
  && rm -f $file && /usr/bin/msgfmt -o $file pl.po
file=`echo ps | sed 's,.*/,,'`.gmo \
  && rm -f $file && /usr/bin/msgfmt -o $file ps.po
file=`echo pt | sed 's,.*/,,'`.gmo \
  && rm -f $file && /usr/bin/msgfmt -o $file pt.po
file=`echo pt_BR | sed 's,.*/,,'`.gmo \
  && rm -f $file && /usr/bin/msgfmt -o $file pt_BR.po
file=`echo ru | sed 's,.*/,,'`.gmo \
  && rm -f $file && /usr/bin/msgfmt -o $file ru.po
file=`echo sk | sed 's,.*/,,'`.gmo \
  && rm -f $file && /usr/bin/msgfmt -o $file sk.po
file=`echo sl | sed 's,.*/,,'`.gmo \
  && rm -f $file && /usr/bin/msgfmt -o $file sl.po
file=`echo sr | sed 's,.*/,,'`.gmo \
  && rm -f $file && /usr/bin/msgfmt -o $file sr.po
file=`echo sv | sed 's,.*/,,'`.gmo \
  && rm -f $file && /usr/bin/msgfmt -o $file sv.po
file=`echo tr | sed 's,.*/,,'`.gmo \
  && rm -f $file && /usr/bin/msgfmt -o $file tr.po
file=`echo uk | sed 's,.*/,,'`.gmo \
  && rm -f $file && /usr/bin/msgfmt -o $file uk.po
file=`echo ur | sed 's,.*/,,'`.gmo \
  && rm -f $file && /usr/bin/msgfmt -o $file ur.po
file=`echo ur_PK | sed 's,.*/,,'`.gmo \
  && rm -f $file && /usr/bin/msgfmt -o $file ur_PK.po
file=`echo vi | sed 's,.*/,,'`.gmo \
  && rm -f $file && /usr/bin/msgfmt -o $file vi.po
file=`echo zh_CN | sed 's,.*/,,'`.gmo \
  && rm -f $file && /usr/bin/msgfmt -o $file zh_CN.po
file=`echo zh_TW | sed 's,.*/,,'`.gmo \
  && rm -f $file && /usr/bin/msgfmt -o $file zh_TW.po
make[2]: Leaving directory '/var/pisi/lxdm-0.5.0-9/work/lxdm-0.5.0/po'
Making all in data
make[2]: Entering directory '/var/pisi/lxdm-0.5.0-9/work/lxdm-0.5.0/data'
cat lxdm.conf.in | sed 's,@FULL_LIBEXECDIR@,/usr/libexec,' > lxdm.conf
make[2]: Leaving directory '/var/pisi/lxdm-0.5.0-9/work/lxdm-0.5.0/data'
Making all in pam
make[2]: Entering directory '/var/pisi/lxdm-0.5.0-9/work/lxdm-0.5.0/pam'
make[2]: Nothing to be done for 'all'.
make[2]: Leaving directory '/var/pisi/lxdm-0.5.0-9/work/lxdm-0.5.0/pam'
make[2]: Entering directory '/var/pisi/lxdm-0.5.0-9/work/lxdm-0.5.0'
make[2]: Leaving directory '/var/pisi/lxdm-0.5.0-9/work/lxdm-0.5.0'
make[1]: Leaving directory '/var/pisi/lxdm-0.5.0-9/work/lxdm-0.5.0'
DEBUG: "make -j5" dönüş değeri 0
[32mPaket test ediliyor...
[0m[32mKuruluyor...
[0mSandbox açık inşa...
Çalışıyor make DESTDIR=/var/pisi/lxdm-0.5.0-9/install install
Making install in src
make[1]: Entering directory '/var/pisi/lxdm-0.5.0-9/work/lxdm-0.5.0/src'
make[2]: Entering directory '/var/pisi/lxdm-0.5.0-9/work/lxdm-0.5.0/src'
 /bin/mkdir -p '/var/pisi/lxdm-0.5.0-9/install/usr/bin'
  /usr/bin/install -c lxdm-config '/var/pisi/lxdm-0.5.0-9/install/usr/bin'
 /bin/mkdir -p '/var/pisi/lxdm-0.5.0-9/install/usr/libexec'
  /usr/bin/install -c lxdm-greeter-gdk lxdm-numlock lxdm-greeter-gtk lxdm-session '/var/pisi/lxdm-0.5.0-9/install/usr/libexec'
 /bin/mkdir -p '/var/pisi/lxdm-0.5.0-9/install/usr/sbin'
  /usr/bin/install -c lxdm-binary '/var/pisi/lxdm-0.5.0-9/install/usr/sbin'
make[2]: Nothing to be done for 'install-data-am'.
make[2]: Leaving directory '/var/pisi/lxdm-0.5.0-9/work/lxdm-0.5.0/src'
make[1]: Leaving directory '/var/pisi/lxdm-0.5.0-9/work/lxdm-0.5.0/src'
Making install in po
make[1]: Entering directory '/var/pisi/lxdm-0.5.0-9/work/lxdm-0.5.0/po'
linguas="af ar bg bn_IN ca cs da de el es es_VE et eu fa fi fr frp gl he hr hu id it ja ko lt ml ms nb nl nn pl ps pt pt_BR ru sk sl sr sv tr uk ur ur_PK vi zh_CN zh_TW "; \
for lang in $linguas; do \
  dir=/var/pisi/lxdm-0.5.0-9/install/usr/share/locale/$lang/LC_MESSAGES; \
  /bin/sh /var/pisi/lxdm-0.5.0-9/work/lxdm-0.5.0/install-sh -d $dir; \
  if test -r $lang.gmo; then \
    /usr/bin/install -c -m 644 $lang.gmo $dir/lxdm.mo; \
    echo "installing $lang.gmo as $dir/lxdm.mo"; \
  else \
    /usr/bin/install -c -m 644 ./$lang.gmo $dir/lxdm.mo; \
    echo "installing ./$lang.gmo as" \
	 "$dir/lxdm.mo"; \
  fi; \
  if test -r $lang.gmo.m; then \
    /usr/bin/install -c -m 644 $lang.gmo.m $dir/lxdm.mo.m; \
    echo "installing $lang.gmo.m as $dir/lxdm.mo.m"; \
  else \
    if test -r ./$lang.gmo.m ; then \
      /usr/bin/install -c -m 644 ./$lang.gmo.m \
	$dir/lxdm.mo.m; \
      echo "installing ./$lang.gmo.m as" \
	   "$dir/lxdm.mo.m"; \
    else \
      true; \
    fi; \
  fi; \
done
installing af.gmo as /var/pisi/lxdm-0.5.0-9/install/usr/share/locale/af/LC_MESSAGES/lxdm.mo
installing ar.gmo as /var/pisi/lxdm-0.5.0-9/install/usr/share/locale/ar/LC_MESSAGES/lxdm.mo
installing bg.gmo as /var/pisi/lxdm-0.5.0-9/install/usr/share/locale/bg/LC_MESSAGES/lxdm.mo
installing bn_IN.gmo as /var/pisi/lxdm-0.5.0-9/install/usr/share/locale/bn_IN/LC_MESSAGES/lxdm.mo
installing ca.gmo as /var/pisi/lxdm-0.5.0-9/install/usr/share/locale/ca/LC_MESSAGES/lxdm.mo
installing cs.gmo as /var/pisi/lxdm-0.5.0-9/install/usr/share/locale/cs/LC_MESSAGES/lxdm.mo
installing da.gmo as /var/pisi/lxdm-0.5.0-9/install/usr/share/locale/da/LC_MESSAGES/lxdm.mo
installing de.gmo as /var/pisi/lxdm-0.5.0-9/install/usr/share/locale/de/LC_MESSAGES/lxdm.mo
installing el.gmo as /var/pisi/lxdm-0.5.0-9/install/usr/share/locale/el/LC_MESSAGES/lxdm.mo
installing es.gmo as /var/pisi/lxdm-0.5.0-9/install/usr/share/locale/es/LC_MESSAGES/lxdm.mo
installing es_VE.gmo as /var/pisi/lxdm-0.5.0-9/install/usr/share/locale/es_VE/LC_MESSAGES/lxdm.mo
installing et.gmo as /var/pisi/lxdm-0.5.0-9/install/usr/share/locale/et/LC_MESSAGES/lxdm.mo
installing eu.gmo as /var/pisi/lxdm-0.5.0-9/install/usr/share/locale/eu/LC_MESSAGES/lxdm.mo
installing fa.gmo as /var/pisi/lxdm-0.5.0-9/install/usr/share/locale/fa/LC_MESSAGES/lxdm.mo
installing fi.gmo as /var/pisi/lxdm-0.5.0-9/install/usr/share/locale/fi/LC_MESSAGES/lxdm.mo
installing fr.gmo as /var/pisi/lxdm-0.5.0-9/install/usr/share/locale/fr/LC_MESSAGES/lxdm.mo
installing frp.gmo as /var/pisi/lxdm-0.5.0-9/install/usr/share/locale/frp/LC_MESSAGES/lxdm.mo
installing gl.gmo as /var/pisi/lxdm-0.5.0-9/install/usr/share/locale/gl/LC_MESSAGES/lxdm.mo
installing he.gmo as /var/pisi/lxdm-0.5.0-9/install/usr/share/locale/he/LC_MESSAGES/lxdm.mo
installing hr.gmo as /var/pisi/lxdm-0.5.0-9/install/usr/share/locale/hr/LC_MESSAGES/lxdm.mo
installing hu.gmo as /var/pisi/lxdm-0.5.0-9/install/usr/share/locale/hu/LC_MESSAGES/lxdm.mo
installing id.gmo as /var/pisi/lxdm-0.5.0-9/install/usr/share/locale/id/LC_MESSAGES/lxdm.mo
installing it.gmo as /var/pisi/lxdm-0.5.0-9/install/usr/share/locale/it/LC_MESSAGES/lxdm.mo
installing ja.gmo as /var/pisi/lxdm-0.5.0-9/install/usr/share/locale/ja/LC_MESSAGES/lxdm.mo
installing ko.gmo as /var/pisi/lxdm-0.5.0-9/install/usr/share/locale/ko/LC_MESSAGES/lxdm.mo
installing lt.gmo as /var/pisi/lxdm-0.5.0-9/install/usr/share/locale/lt/LC_MESSAGES/lxdm.mo
installing ml.gmo as /var/pisi/lxdm-0.5.0-9/install/usr/share/locale/ml/LC_MESSAGES/lxdm.mo
installing ms.gmo as /var/pisi/lxdm-0.5.0-9/install/usr/share/locale/ms/LC_MESSAGES/lxdm.mo
installing nb.gmo as /var/pisi/lxdm-0.5.0-9/install/usr/share/locale/nb/LC_MESSAGES/lxdm.mo
installing nl.gmo as /var/pisi/lxdm-0.5.0-9/install/usr/share/locale/nl/LC_MESSAGES/lxdm.mo
installing nn.gmo as /var/pisi/lxdm-0.5.0-9/install/usr/share/locale/nn/LC_MESSAGES/lxdm.mo
installing pl.gmo as /var/pisi/lxdm-0.5.0-9/install/usr/share/locale/pl/LC_MESSAGES/lxdm.mo
installing ps.gmo as /var/pisi/lxdm-0.5.0-9/install/usr/share/locale/ps/LC_MESSAGES/lxdm.mo
installing pt.gmo as /var/pisi/lxdm-0.5.0-9/install/usr/share/locale/pt/LC_MESSAGES/lxdm.mo
installing pt_BR.gmo as /var/pisi/lxdm-0.5.0-9/install/usr/share/locale/pt_BR/LC_MESSAGES/lxdm.mo
installing ru.gmo as /var/pisi/lxdm-0.5.0-9/install/usr/share/locale/ru/LC_MESSAGES/lxdm.mo
installing sk.gmo as /var/pisi/lxdm-0.5.0-9/install/usr/share/locale/sk/LC_MESSAGES/lxdm.mo
installing sl.gmo as /var/pisi/lxdm-0.5.0-9/install/usr/share/locale/sl/LC_MESSAGES/lxdm.mo
installing sr.gmo as /var/pisi/lxdm-0.5.0-9/install/usr/share/locale/sr/LC_MESSAGES/lxdm.mo
installing sv.gmo as /var/pisi/lxdm-0.5.0-9/install/usr/share/locale/sv/LC_MESSAGES/lxdm.mo
installing tr.gmo as /var/pisi/lxdm-0.5.0-9/install/usr/share/locale/tr/LC_MESSAGES/lxdm.mo
installing uk.gmo as /var/pisi/lxdm-0.5.0-9/install/usr/share/locale/uk/LC_MESSAGES/lxdm.mo
installing ur.gmo as /var/pisi/lxdm-0.5.0-9/install/usr/share/locale/ur/LC_MESSAGES/lxdm.mo
installing ur_PK.gmo as /var/pisi/lxdm-0.5.0-9/install/usr/share/locale/ur_PK/LC_MESSAGES/lxdm.mo
installing vi.gmo as /var/pisi/lxdm-0.5.0-9/install/usr/share/locale/vi/LC_MESSAGES/lxdm.mo
installing zh_CN.gmo as /var/pisi/lxdm-0.5.0-9/install/usr/share/locale/zh_CN/LC_MESSAGES/lxdm.mo
installing zh_TW.gmo as /var/pisi/lxdm-0.5.0-9/install/usr/share/locale/zh_TW/LC_MESSAGES/lxdm.mo
make[1]: Leaving directory '/var/pisi/lxdm-0.5.0-9/work/lxdm-0.5.0/po'
Making install in data
make[1]: Entering directory '/var/pisi/lxdm-0.5.0-9/work/lxdm-0.5.0/data'
make[2]: Entering directory '/var/pisi/lxdm-0.5.0-9/work/lxdm-0.5.0/data'
 /bin/mkdir -p '/var/pisi/lxdm-0.5.0-9/install/usr/sbin'
 /usr/bin/install -c lxdm '/var/pisi/lxdm-0.5.0-9/install/usr/sbin'
 /bin/mkdir -p '/var/pisi/lxdm-0.5.0-9/install/usr/share/lxdm'
 /usr/bin/install -c -m 644 lxdm.glade config.ui '/var/pisi/lxdm-0.5.0-9/install/usr/share/lxdm'
 /bin/mkdir -p '/var/pisi/lxdm-0.5.0-9/install/etc/lxdm'
 /usr/bin/install -c -m 644 PostLogin PostLogout PreLogin PreReboot PreShutdown LoginReady lxdm.conf Xsession '/var/pisi/lxdm-0.5.0-9/install/etc/lxdm'
 /bin/mkdir -p '/var/pisi/lxdm-0.5.0-9/install/usr/share/lxdm/themes/Industrial'
 /usr/bin/install -c -m 644 themes/Industrial/index.theme themes/Industrial/gtkrc themes/Industrial/wave.svg themes/Industrial/login.png themes/Industrial/shade.png themes/Industrial/lang.png themes/Industrial/session.png themes/Industrial/greeter.ui themes/Industrial/greeter-gtk3.ui themes/Industrial/gtk.css themes/Industrial/nobody.png '/var/pisi/lxdm-0.5.0-9/install/usr/share/lxdm/themes/Industrial'
make  install-data-hook
make[3]: Entering directory '/var/pisi/lxdm-0.5.0-9/work/lxdm-0.5.0/data'
chmod +x /var/pisi/lxdm-0.5.0-9/install/etc/lxdm/Xsession \
	/var/pisi/lxdm-0.5.0-9/install/etc/lxdm/PostLogin \
	/var/pisi/lxdm-0.5.0-9/install/etc/lxdm/PostLogout \
	/var/pisi/lxdm-0.5.0-9/install/etc/lxdm/PreLogin \
	/var/pisi/lxdm-0.5.0-9/install/etc/lxdm/PreReboot \
	/var/pisi/lxdm-0.5.0-9/install/etc/lxdm/PreShutdown \
	/var/pisi/lxdm-0.5.0-9/install/etc/lxdm/LoginReady
chmod 640 /var/pisi/lxdm-0.5.0-9/install/etc/lxdm/lxdm.conf
make[3]: Leaving directory '/var/pisi/lxdm-0.5.0-9/work/lxdm-0.5.0/data'
make[2]: Leaving directory '/var/pisi/lxdm-0.5.0-9/work/lxdm-0.5.0/data'
make[1]: Leaving directory '/var/pisi/lxdm-0.5.0-9/work/lxdm-0.5.0/data'
Making install in pam
make[1]: Entering directory '/var/pisi/lxdm-0.5.0-9/work/lxdm-0.5.0/pam'
make[2]: Entering directory '/var/pisi/lxdm-0.5.0-9/work/lxdm-0.5.0/pam'
make[2]: Nothing to be done for 'install-exec-am'.
 /bin/mkdir -p '/var/pisi/lxdm-0.5.0-9/install/etc/pam.d'
 /usr/bin/install -c -m 644 lxdm '/var/pisi/lxdm-0.5.0-9/install/etc/pam.d'
make[2]: Leaving directory '/var/pisi/lxdm-0.5.0-9/work/lxdm-0.5.0/pam'
make[1]: Leaving directory '/var/pisi/lxdm-0.5.0-9/work/lxdm-0.5.0/pam'
make[1]: Entering directory '/var/pisi/lxdm-0.5.0-9/work/lxdm-0.5.0'
make[2]: Entering directory '/var/pisi/lxdm-0.5.0-9/work/lxdm-0.5.0'
make[2]: Nothing to be done for 'install-exec-am'.
make[2]: Nothing to be done for 'install-data-am'.
make[2]: Leaving directory '/var/pisi/lxdm-0.5.0-9/work/lxdm-0.5.0'
make[1]: Leaving directory '/var/pisi/lxdm-0.5.0-9/work/lxdm-0.5.0'
DEBUG: "make DESTDIR=/var/pisi/lxdm-0.5.0-9/install install" dönüş değeri 0
Çalışıyor install -m0644 "COPYING" /var/pisi/lxdm-0.5.0-9/install/usr/share/doc/lxdm
DEBUG: "install -m0644 "COPYING" /var/pisi/lxdm-0.5.0-9/install/usr/share/doc/lxdm" dönüş değeri 0
Çalışıyor install -m0644 "AUTHORS" /var/pisi/lxdm-0.5.0-9/install/usr/share/doc/lxdm
DEBUG: "install -m0644 "AUTHORS" /var/pisi/lxdm-0.5.0-9/install/usr/share/doc/lxdm" dönüş değeri 0
Çalışıyor install -m0644 "TODO" /var/pisi/lxdm-0.5.0-9/install/usr/share/doc/lxdm
DEBUG: "install -m0644 "TODO" /var/pisi/lxdm-0.5.0-9/install/usr/share/doc/lxdm" dönüş değeri 0
Çalışıyor install -m0644 "README" /var/pisi/lxdm-0.5.0-9/install/usr/share/doc/lxdm
DEBUG: "install -m0644 "README" /var/pisi/lxdm-0.5.0-9/install/usr/share/doc/lxdm" dönüş değeri 0
Çalışıyor install -m0644 "ChangeLog" /var/pisi/lxdm-0.5.0-9/install/usr/share/doc/lxdm
DEBUG: "install -m0644 "ChangeLog" /var/pisi/lxdm-0.5.0-9/install/usr/share/doc/lxdm" dönüş değeri 0
Çalışıyor install -m0644 "NEWS" /var/pisi/lxdm-0.5.0-9/install/usr/share/doc/lxdm
DEBUG: "install -m0644 "NEWS" /var/pisi/lxdm-0.5.0-9/install/usr/share/doc/lxdm" dönüş değeri 0
DEBUG: /usr/bin/lxdm-config [stripped]
DEBUG: /usr/libexec/lxdm-numlock [stripped]
DEBUG: /usr/libexec/lxdm-session [stripped]
DEBUG: /usr/libexec/lxdm-greeter-gdk [stripped]
DEBUG: /usr/libexec/lxdm-greeter-gtk [stripped]
DEBUG: /usr/sbin/lxdm-binary [stripped]
[32mPaket inşa ediliyor: lxdm
[0mlxdm-0.5.0-9-p01-x86_64.pisi oluşturuluyor... 
İnşa dizini bırakılıyor
