[01;32mKaynak paket inşa ediliyor: winusb
[0mDEBUG: ComponentDB initialized in 0.00343108177185.
DEBUG: RepoDB initialized in 0.000160932540894.
DEBUG: InstallDB initialized in 0.00393509864807.
winusb-1.0.11.tar.gz [önbellekte]
[32mArşiv(ler) açılıyor...
[0m[32mYama uygulanıyor: wxwidget-compatible.patch
[0mDEBUG: Detected patch level=1 for wxwidget-compatible.patch
Çalışıyor patch --remove-empty-files --no-backup-if-mismatch  -p1 -i "/mnt/sda1/home/PisiLinux/Pisicik/applications/winusb/files/wxwidget-compatible.patch"
DEBUG: "patch --remove-empty-files --no-backup-if-mismatch  -p1 -i "/mnt/sda1/home/PisiLinux/Pisicik/applications/winusb/files/wxwidget-compatible.patch"" dönüş değeri 0
 açıldı (/var/pisi/winusb-1.0.11-1/work)
[32mKaynak yapılandırılıyor...
[0mSandbox açık inşa...
GNU Yapılandırma Güncellemesi Bitti.
GNU Yapılandırma Güncellemesi Bitti.
Çalışıyor ./configure --prefix=/usr --build=x86_64-pc-linux-gnu --mandir=/usr/share/man --infodir=/usr/share/info --datadir=/usr/share --sysconfdir=/etc --localstatedir=/var --libexecdir=/usr/libexec --prefix=/usr
checking for a BSD-compatible install... /usr/bin/install -c
checking whether build environment is sane... yes
checking for a thread-safe mkdir -p... /bin/mkdir -p
checking for gawk... gawk
checking whether make sets $(MAKE)... yes
checking whether the C++ compiler works... yes
checking for C++ compiler default output file name... a.out
checking for suffix of executables... 
checking whether we are cross compiling... no
checking for suffix of object files... o
checking whether we are using the GNU C++ compiler... yes
checking whether x86_64-pc-linux-gnu-g++ accepts -g... yes
checking for style of include used by make... GNU
checking dependency style of x86_64-pc-linux-gnu-g++... gcc3
checking for gcc... x86_64-pc-linux-gnu-gcc
checking whether we are using the GNU C compiler... yes
checking whether x86_64-pc-linux-gnu-gcc accepts -g... yes
checking for x86_64-pc-linux-gnu-gcc option to accept ISO C89... none needed
checking dependency style of x86_64-pc-linux-gnu-gcc... gcc3
checking how to run the C preprocessor... x86_64-pc-linux-gnu-gcc -E
checking whether ln -s works... yes
checking build system type... x86_64-pc-linux-gnu
checking host system type... x86_64-pc-linux-gnu
checking how to print strings... printf
checking for a sed that does not truncate output... /usr/bin/sed
checking for grep that handles long lines and -e... /bin/grep
checking for egrep... /bin/grep -E
checking for fgrep... /bin/grep -F
checking for ld used by x86_64-pc-linux-gnu-gcc... /usr/bin/ld
checking if the linker (/usr/bin/ld) is GNU ld... yes
checking for BSD- or MS-compatible name lister (nm)... /usr/bin/nm -B
checking the name lister (/usr/bin/nm -B) interface... BSD nm
checking the maximum length of command line arguments... 1572864
checking whether the shell understands some XSI constructs... yes
checking whether the shell understands "+="... yes
checking how to convert x86_64-pc-linux-gnu file names to x86_64-pc-linux-gnu format... func_convert_file_noop
checking how to convert x86_64-pc-linux-gnu file names to toolchain format... func_convert_file_noop
checking for /usr/bin/ld option to reload object files... -r
checking for objdump... objdump
checking how to recognize dependent libraries... pass_all
checking for dlltool... no
checking how to associate runtime and link libraries... printf %s\n
checking for ar... ar
checking for archiver @FILE support... @
checking for strip... strip
checking for ranlib... ranlib
checking command to parse /usr/bin/nm -B output from x86_64-pc-linux-gnu-gcc object... ok
checking for sysroot... no
checking for mt... no
checking if : is a manifest tool... no
checking for ANSI C header files... no
checking for sys/types.h... yes
checking for sys/stat.h... yes
checking for stdlib.h... yes
checking for string.h... yes
checking for memory.h... yes
checking for strings.h... yes
checking for inttypes.h... yes
checking for stdint.h... yes
checking for unistd.h... yes
checking for dlfcn.h... yes
checking for objdir... .libs
checking if x86_64-pc-linux-gnu-gcc supports -fno-rtti -fno-exceptions... no
checking for x86_64-pc-linux-gnu-gcc option to produce PIC... -fPIC -DPIC
checking if x86_64-pc-linux-gnu-gcc PIC flag -fPIC -DPIC works... yes
checking if x86_64-pc-linux-gnu-gcc static flag -static works... yes
checking if x86_64-pc-linux-gnu-gcc supports -c -o file.o... yes
checking if x86_64-pc-linux-gnu-gcc supports -c -o file.o... (cached) yes
checking whether the x86_64-pc-linux-gnu-gcc linker (/usr/bin/ld -m elf_x86_64) supports shared libraries... yes
checking whether -lc should be explicitly linked in... no
checking dynamic linker characteristics... GNU/Linux ld.so
checking how to hardcode library paths into programs... immediate
checking whether stripping libraries is possible... yes
checking if libtool supports shared libraries... yes
checking whether to build shared libraries... yes
checking whether to build static libraries... yes
checking how to run the C++ preprocessor... x86_64-pc-linux-gnu-g++ -E
checking for ld used by x86_64-pc-linux-gnu-g++... /usr/bin/ld -m elf_x86_64
checking if the linker (/usr/bin/ld -m elf_x86_64) is GNU ld... yes
checking whether the x86_64-pc-linux-gnu-g++ linker (/usr/bin/ld -m elf_x86_64) supports shared libraries... yes
checking for x86_64-pc-linux-gnu-g++ option to produce PIC... -fPIC -DPIC
checking if x86_64-pc-linux-gnu-g++ PIC flag -fPIC -DPIC works... yes
checking if x86_64-pc-linux-gnu-g++ static flag -static works... yes
checking if x86_64-pc-linux-gnu-g++ supports -c -o file.o... yes
checking if x86_64-pc-linux-gnu-g++ supports -c -o file.o... (cached) yes
checking whether the x86_64-pc-linux-gnu-g++ linker (/usr/bin/ld -m elf_x86_64) supports shared libraries... yes
checking dynamic linker characteristics... (cached) GNU/Linux ld.so
checking how to hardcode library paths into programs... immediate
checking whether make sets $(MAKE)... (cached) yes
checking if debug is enabled... no
checking for main in -lstdc++... yes
checking for wx-config... no
DEBUG: "./configure --prefix=/usr --build=x86_64-pc-linux-gnu --mandir=/usr/share/man --infodir=/usr/share/info --datadir=/usr/share --sysconfdir=/etc --localstatedir=/var --libexecdir=/usr/libexec --prefix=/usr" dönüş değeri 1
Genel yardım için lütfen 'pisi help' komutunu kullanınız.
