[01;32mKaynak paket inşa ediliyor: xfce4-power-manager
[0mDEBUG: ComponentDB initialized in 0.00348091125488.
DEBUG: RepoDB initialized in 0.000168085098267.
DEBUG: InstallDB initialized in 0.0066831111908.
xfce4-power-manager-1.4.3.tar.bz2 [önbellekte]
[32mArşiv(ler) açılıyor...
[0m açıldı (/var/pisi/xfce4-power-manager-1.4.3-7/work)
[32mKaynak yapılandırılıyor...
[0mSandbox açık inşa...
GNU Yapılandırma Güncellemesi Bitti.
GNU Yapılandırma Güncellemesi Bitti.
Çalışıyor ./configure --prefix=/usr --build=x86_64-pc-linux-gnu --mandir=/usr/share/man --infodir=/usr/share/info --datadir=/usr/share --sysconfdir=/etc --localstatedir=/var --libexecdir=/usr/libexec --disable-network-manager --disable-debug
checking for a BSD-compatible install... /usr/bin/install -c
checking whether build environment is sane... yes
checking for a thread-safe mkdir -p... /bin/mkdir -p
checking for gawk... gawk
checking whether make sets $(MAKE)... yes
checking whether make supports nested variables... yes
checking whether UID '0' is supported by ustar format... yes
checking whether GID '0' is supported by ustar format... yes
checking how to create a ustar tar archive... gnutar
checking whether to enable maintainer-specific portions of Makefiles... no
checking whether make supports nested variables... (cached) yes
checking for style of include used by make... GNU
checking for gcc... x86_64-pc-linux-gnu-gcc
checking whether the C compiler works... yes
checking for C compiler default output file name... a.out
checking for suffix of executables... 
checking whether we are cross compiling... no
checking for suffix of object files... o
checking whether we are using the GNU C compiler... yes
checking whether x86_64-pc-linux-gnu-gcc accepts -g... yes
checking for x86_64-pc-linux-gnu-gcc option to accept ISO C89... none needed
checking whether x86_64-pc-linux-gnu-gcc understands -c and -o together... yes
checking dependency style of x86_64-pc-linux-gnu-gcc... gcc3
checking how to run the C preprocessor... x86_64-pc-linux-gnu-gcc -E
checking for grep that handles long lines and -e... /bin/grep
checking for egrep... /bin/grep -E
checking for ANSI C header files... yes
checking for sys/types.h... yes
checking for sys/stat.h... yes
checking for stdlib.h... yes
checking for string.h... yes
checking for memory.h... yes
checking for strings.h... yes
checking for inttypes.h... yes
checking for stdint.h... yes
checking for unistd.h... yes
checking minix/config.h usability... no
checking minix/config.h presence... no
checking for minix/config.h... no
checking whether it is safe to define __EXTENSIONS__... yes
checking for gcc... (cached) x86_64-pc-linux-gnu-gcc
checking whether we are using the GNU C compiler... (cached) yes
checking whether x86_64-pc-linux-gnu-gcc accepts -g... (cached) yes
checking for x86_64-pc-linux-gnu-gcc option to accept ISO C89... (cached) none needed
checking whether x86_64-pc-linux-gnu-gcc understands -c and -o together... (cached) yes
checking dependency style of x86_64-pc-linux-gnu-gcc... (cached) gcc3
checking build system type... x86_64-pc-linux-gnu
checking host system type... x86_64-pc-linux-gnu
checking for a sed that does not truncate output... /usr/bin/sed
checking for fgrep... /bin/grep -F
checking how to print strings... printf
checking for ld used by x86_64-pc-linux-gnu-gcc... /usr/bin/ld
checking if the linker (/usr/bin/ld) is GNU ld... yes
checking whether NLS is requested... yes
checking for intltool >= 0.31... 0.50.2 found
checking for intltool-update... /usr/bin/intltool-update
checking for intltool-merge... /usr/bin/intltool-merge
checking for intltool-extract... /usr/bin/intltool-extract
checking for xgettext... /usr/bin/xgettext
checking for msgmerge... /usr/bin/msgmerge
checking for msgfmt... /usr/bin/msgfmt
checking for gmsgfmt... /usr/bin/msgfmt
checking for perl... /usr/bin/perl
checking for perl >= 5.8.1... 5.20.0
checking for BSD- or MS-compatible name lister (nm)... /usr/bin/nm -B
checking the name lister (/usr/bin/nm -B) interface... BSD nm
checking whether ln -s works... yes
checking the maximum length of command line arguments... 1572864
checking whether the shell understands some XSI constructs... yes
checking whether the shell understands "+="... yes
checking how to convert x86_64-pc-linux-gnu file names to x86_64-pc-linux-gnu format... func_convert_file_noop
checking how to convert x86_64-pc-linux-gnu file names to toolchain format... func_convert_file_noop
checking for /usr/bin/ld option to reload object files... -r
checking for objdump... objdump
checking how to recognize dependent libraries... pass_all
checking for dlltool... no
checking how to associate runtime and link libraries... printf %s\n
checking for ar... ar
checking for archiver @FILE support... @
checking for strip... strip
checking for ranlib... ranlib
checking command to parse /usr/bin/nm -B output from x86_64-pc-linux-gnu-gcc object... ok
checking for sysroot... no
checking for mt... no
checking if : is a manifest tool... no
checking for dlfcn.h... yes
checking for objdir... .libs
checking if x86_64-pc-linux-gnu-gcc supports -fno-rtti -fno-exceptions... no
checking for x86_64-pc-linux-gnu-gcc option to produce PIC... -fPIC -DPIC
checking if x86_64-pc-linux-gnu-gcc PIC flag -fPIC -DPIC works... yes
checking if x86_64-pc-linux-gnu-gcc static flag -static works... yes
checking if x86_64-pc-linux-gnu-gcc supports -c -o file.o... yes
checking if x86_64-pc-linux-gnu-gcc supports -c -o file.o... (cached) yes
checking whether the x86_64-pc-linux-gnu-gcc linker (/usr/bin/ld -m elf_x86_64) supports shared libraries... yes
checking whether -lc should be explicitly linked in... no
checking dynamic linker characteristics... GNU/Linux ld.so
checking how to hardcode library paths into programs... immediate
checking whether stripping libraries is possible... yes
checking if libtool supports shared libraries... yes
checking whether to build shared libraries... yes
checking whether to build static libraries... no
checking for ANSI C header files... (cached) yes
checking errno.h usability... yes
checking errno.h presence... yes
checking for errno.h... yes
checking signal.h usability... yes
checking signal.h presence... yes
checking for signal.h... yes
checking stddef.h usability... yes
checking stddef.h presence... yes
checking for stddef.h... yes
checking for sys/types.h... (cached) yes
checking for memory.h... (cached) yes
checking for stdlib.h... (cached) yes
checking for string.h... (cached) yes
checking for sys/stat.h... (cached) yes
checking sys/user.h usability... yes
checking sys/user.h presence... yes
checking for sys/user.h... yes
checking sys/wait.h usability... yes
checking sys/wait.h presence... yes
checking for sys/wait.h... yes
checking time.h usability... yes
checking time.h presence... yes
checking for time.h... yes
checking math.h usability... yes
checking math.h presence... yes
checking for math.h... yes
checking for unistd.h... (cached) yes
checking sys/resource.h usability... yes
checking sys/resource.h presence... yes
checking for sys/resource.h... yes
checking sys/socket.h usability... yes
checking sys/socket.h presence... yes
checking for sys/socket.h... yes
checking sys/sysctl.h usability... yes
checking sys/sysctl.h presence... yes
checking for sys/sysctl.h... yes
checking fcntl.h usability... yes
checking fcntl.h presence... yes
checking for fcntl.h... yes
checking sys/param.h usability... yes
checking sys/param.h presence... yes
checking for sys/param.h... yes
checking procfs.h usability... no
checking procfs.h presence... no
checking for procfs.h... no
checking for getpwuid... yes
checking for setsid... yes
checking for sigaction... yes
checking for round in -lm... yes
checking locale.h usability... yes
checking locale.h presence... yes
checking for locale.h... yes
checking for LC_MESSAGES... yes
checking libintl.h usability... yes
checking libintl.h presence... yes
checking for libintl.h... yes
checking for ngettext in libc... yes
checking for dgettext in libc... yes
checking for bind_textdomain_codeset... yes
checking for msgfmt... (cached) /usr/bin/msgfmt
checking for dcgettext... yes
checking if msgfmt accepts -c... yes
checking for gmsgfmt... (cached) /usr/bin/msgfmt
checking for xgettext... (cached) /usr/bin/xgettext
checking for catalogs to be installed...  ar ast bg ca cs da de el en_AU en_GB es et eu fi fr gl he hr hu id is it ja kk ko lt ms nb nl nn oc pa pl pt_BR pt ro ru si sk sl sr sv te th tr ug uk ur_PK ur vi zh_CN zh_HK zh_TW
checking for bind_textdomain_codeset... (cached) yes
checking for locales directory... /usr/share/locale
checking for additional xgettext flags... --keyword=Q_ --from-code=UTF-8
checking for pkg-config... /usr/bin/pkg-config
checking pkg-config is at least version 0.9.0... yes
checking for gtk+-2.0 >= 2.24.0... 2.24.23
checking GTK_CFLAGS... -pthread -I/usr/include/gtk-2.0 -I/usr/lib/gtk-2.0/include -I/usr/include/pango-1.0 -I/usr/include/atk-1.0 -I/usr/include/cairo -I/usr/include/pixman-1 -I/usr/include/libdrm -I/usr/include/gdk-pixbuf-2.0 -I/usr/include/libpng16 -I/usr/include/pango-1.0 -I/usr/include/glib-2.0 -I/usr/lib/glib-2.0/include -I/usr/include/freetype2 -I/usr/include/libpng16 -I/usr/include/harfbuzz -I/usr/include/freetype2 -I/usr/include/libpng16 -I/usr/include/harfbuzz 
checking GTK_LIBS... -lgtk-x11-2.0 -lgdk-x11-2.0 -lpangocairo-1.0 -latk-1.0 -lcairo -lgdk_pixbuf-2.0 -lgio-2.0 -lpangoft2-1.0 -lpango-1.0 -lgobject-2.0 -lglib-2.0 -lfontconfig -lfreetype 
checking for pkg-config... (cached) /usr/bin/pkg-config
checking pkg-config is at least version 0.9.0... yes
checking for glib-2.0 >= 2.30.0... 2.42.0
checking GLIB_CFLAGS... -I/usr/include/glib-2.0 -I/usr/lib/glib-2.0/include 
checking GLIB_LIBS... -lglib-2.0 
checking for pkg-config... (cached) /usr/bin/pkg-config
checking pkg-config is at least version 0.9.0... yes
checking for gobject-2.0 >= 2.30.0... 2.42.0
checking GOBJECT_CFLAGS... -I/usr/include/glib-2.0 -I/usr/lib/glib-2.0/include 
checking GOBJECT_LIBS... -lgobject-2.0 -lglib-2.0 
checking for pkg-config... (cached) /usr/bin/pkg-config
checking pkg-config is at least version 0.9.0... yes
checking for gthread-2.0 >= 2.30.0... 2.42.0
checking GTHREAD_CFLAGS... -pthread -I/usr/include/glib-2.0 -I/usr/lib/glib-2.0/include 
checking GTHREAD_LIBS... -lgthread-2.0 -pthread -lglib-2.0 
checking for pkg-config... (cached) /usr/bin/pkg-config
checking pkg-config is at least version 0.9.0... yes
checking for gmodule-2.0 >= 2.30.0... 2.42.0
checking GMODULE_CFLAGS... -pthread -I/usr/include/glib-2.0 -I/usr/lib/glib-2.0/include 
checking GMODULE_LIBS... -Wl,--export-dynamic -lgmodule-2.0 -pthread -lglib-2.0 
checking for pkg-config... (cached) /usr/bin/pkg-config
checking pkg-config is at least version 0.9.0... yes
checking for dbus-1 >= 1.1... 1.9.10
checking DBUS_CFLAGS... -I/usr/include/dbus-1.0 -I/usr/lib/dbus-1.0/include 
checking DBUS_LIBS... -ldbus-1 
checking for pkg-config... (cached) /usr/bin/pkg-config
checking pkg-config is at least version 0.9.0... yes
checking for dbus-glib-1 >= 0.84... 0.102
checking DBUS_GLIB_CFLAGS... -I/usr/include/dbus-1.0 -I/usr/lib/dbus-1.0/include -I/usr/include/glib-2.0 -I/usr/lib/glib-2.0/include 
checking DBUS_GLIB_LIBS... -ldbus-glib-1 -ldbus-1 -lgobject-2.0 -lglib-2.0 
checking for pkg-config... (cached) /usr/bin/pkg-config
checking pkg-config is at least version 0.9.0... yes
checking for libxfconf-0 >= 4.10.0... 4.12.0
checking XFCONF_CFLAGS... -I/usr/include/xfce4/xfconf-0 -I/usr/include/dbus-1.0 -I/usr/lib/dbus-1.0/include -I/usr/include/glib-2.0 -I/usr/lib/glib-2.0/include 
checking XFCONF_LIBS... -lxfconf-0 -ldbus-glib-1 -ldbus-1 -lgobject-2.0 -lglib-2.0 
checking for pkg-config... (cached) /usr/bin/pkg-config
checking pkg-config is at least version 0.9.0... yes
checking for libxfce4ui-1 >= 4.10.0... 4.12.0
checking LIBXFCE4UI_CFLAGS... -pthread -I/usr/include/xfce4/libxfce4ui-1 -I/usr/include/gtk-2.0 -I/usr/lib/gtk-2.0/include -I/usr/include/pango-1.0 -I/usr/include/atk-1.0 -I/usr/include/cairo -I/usr/include/pixman-1 -I/usr/include/libdrm -I/usr/include/gdk-pixbuf-2.0 -I/usr/include/libpng16 -I/usr/include/pango-1.0 -I/usr/include/freetype2 -I/usr/include/libpng16 -I/usr/include/harfbuzz -I/usr/include/freetype2 -I/usr/include/libpng16 -I/usr/include/harfbuzz -I/usr/include/xfce4 -I/usr/include/glib-2.0 -I/usr/lib/glib-2.0/include 
checking LIBXFCE4UI_LIBS... -lxfce4ui-1 -lgtk-x11-2.0 -lgdk-x11-2.0 -lpangocairo-1.0 -latk-1.0 -lcairo -lgdk_pixbuf-2.0 -lgio-2.0 -lpangoft2-1.0 -lpango-1.0 -lgobject-2.0 -lfontconfig -lfreetype -lxfce4util -lglib-2.0 
checking for pkg-config... (cached) /usr/bin/pkg-config
checking pkg-config is at least version 0.9.0... yes
checking for libxfce4util-1.0 >= 4.10.0... 4.12.1
checking LIBXFCE4UTIL_CFLAGS... -I/usr/include/xfce4 -I/usr/include/glib-2.0 -I/usr/lib/glib-2.0/include 
checking LIBXFCE4UTIL_LIBS... -lxfce4util -lglib-2.0 
checking for pkg-config... (cached) /usr/bin/pkg-config
checking pkg-config is at least version 0.9.0... yes
checking for libnotify >= 0.4.1... 0.7.6
checking LIBNOTIFY_CFLAGS... -pthread -I/usr/include/gdk-pixbuf-2.0 -I/usr/include/libpng16 -I/usr/include/glib-2.0 -I/usr/lib/glib-2.0/include 
checking LIBNOTIFY_LIBS... -lnotify -lgdk_pixbuf-2.0 -lgio-2.0 -lgobject-2.0 -lglib-2.0 
checking for pkg-config... (cached) /usr/bin/pkg-config
checking pkg-config is at least version 0.9.0... yes
checking for upower-glib >= 0.9.7... 0.9.23
checking UPOWER_CFLAGS... -pthread -I/usr/include/libupower-glib -I/usr/include/dbus-1.0 -I/usr/lib/dbus-1.0/include -I/usr/include/glib-2.0 -I/usr/lib/glib-2.0/include 
checking UPOWER_LIBS... -lupower-glib -lgobject-2.0 -lglib-2.0 
checking for pkg-config... (cached) /usr/bin/pkg-config
checking pkg-config is at least version 0.9.0... yes
checking for xrandr >= 1.2.0... 1.4.2
checking XRANDR_CFLAGS... 
checking XRANDR_LIBS... -lXrandr 
checking for pkg-config... (cached) /usr/bin/pkg-config
checking pkg-config is at least version 0.9.0... yes
checking for x11 >= 1.0.0... 1.6.2
checking X11_CFLAGS... 
checking X11_LIBS... -lX11 
checking whether to build with polkit support... yes
checking for DPMSQueryExtension in -lXext... yes
checking whether XF86XK_Suspend is declared... yes
checking whether XF86XK_Hibernate is declared... yes
checking whether to build with network manager support.... no
checking for pkg-config... (cached) /usr/bin/pkg-config
checking pkg-config is at least version 0.9.0... yes
checking for libxfce4panel-1.0 >= 4.10.0... 4.12.0
checking LIBXFCE4PANEL_CFLAGS... -pthread -I/usr/include/xfce4/libxfce4panel-1.0 -I/usr/include/gtk-2.0 -I/usr/lib/gtk-2.0/include -I/usr/include/pango-1.0 -I/usr/include/atk-1.0 -I/usr/include/cairo -I/usr/include/pixman-1 -I/usr/include/libdrm -I/usr/include/gdk-pixbuf-2.0 -I/usr/include/libpng16 -I/usr/include/pango-1.0 -I/usr/include/freetype2 -I/usr/include/libpng16 -I/usr/include/harfbuzz -I/usr/include/freetype2 -I/usr/include/libpng16 -I/usr/include/harfbuzz -I/usr/include/xfce4 -I/usr/include/glib-2.0 -I/usr/lib/glib-2.0/include 
checking LIBXFCE4PANEL_LIBS... -lxfce4panel-1.0 -lgtk-x11-2.0 -lgdk-x11-2.0 -lpangocairo-1.0 -latk-1.0 -lcairo -lgdk_pixbuf-2.0 -lgio-2.0 -lpangoft2-1.0 -lpango-1.0 -lgobject-2.0 -lfontconfig -lfreetype -Wl,--export-dynamic -lgmodule-2.0 -pthread -lxfce4util -lglib-2.0 
checking for optional package lxpanel >= 0.7.0... not found
checking for optional package lxpanel >= 0.5.6... not found
checking whether to build with debugging support... no
checking PLATFORM_CPPFLAGS... 
checking PLATFORM_CFLAGS... 
checking PLATFORM_LDFLAGS... 
checking that generated files are newer than configure... done
configure: creating ./config.status
config.status: creating Makefile
config.status: creating libdbus/Makefile
config.status: creating common/Makefile
config.status: creating src/Makefile
config.status: creating settings/Makefile
config.status: creating panel-plugins/Makefile
config.status: creating panel-plugins/power-manager-plugin/Makefile
config.status: creating panel-plugins/power-manager-plugin/lxde-0.7/Makefile
config.status: creating panel-plugins/power-manager-plugin/lxde/Makefile
config.status: creating panel-plugins/power-manager-plugin/xfce/Makefile
config.status: creating data/Makefile
config.status: creating data/icons/Makefile
config.status: creating data/icons/16x16/Makefile
config.status: creating data/icons/22x22/Makefile
config.status: creating data/icons/24x24/Makefile
config.status: creating data/icons/32x32/Makefile
config.status: creating data/icons/48x48/Makefile
config.status: creating data/icons/scalable/Makefile
config.status: creating data/interfaces/Makefile
config.status: creating data/appdata/Makefile
config.status: creating po/Makefile.in
config.status: creating config.h
config.status: executing depfiles commands
config.status: executing libtool commands
config.status: executing default-1 commands
config.status: executing po/stamp-it commands
prefix:			/usr
xdg autostart:		/etc/xdg/autostart
POLKIT:			yes
Network manager:	no
Build panel plugins:	yes
 Xfce plugins:          yes
Backend:		linux
Debug:			no
Configuration finished, type make to compile
DEBUG: "./configure --prefix=/usr --build=x86_64-pc-linux-gnu --mandir=/usr/share/man --infodir=/usr/share/info --datadir=/usr/share --sysconfdir=/etc --localstatedir=/var --libexecdir=/usr/libexec --disable-network-manager --disable-debug" dönüş değeri 0
[32mKaynak inşa ediliyor...
[0mSandbox açık inşa...
Çalışıyor make -j5
make  all-recursive
make[1]: Entering directory '/var/pisi/xfce4-power-manager-1.4.3-7/work/xfce4-power-manager-1.4.3'
Making all in data
make[2]: Entering directory '/var/pisi/xfce4-power-manager-1.4.3-7/work/xfce4-power-manager-1.4.3/data'
Making all in icons
make[3]: Entering directory '/var/pisi/xfce4-power-manager-1.4.3-7/work/xfce4-power-manager-1.4.3/data/icons'
Making all in 16x16
make[4]: Entering directory '/var/pisi/xfce4-power-manager-1.4.3-7/work/xfce4-power-manager-1.4.3/data/icons/16x16'
make[4]: Nothing to be done for 'all'.
make[4]: Leaving directory '/var/pisi/xfce4-power-manager-1.4.3-7/work/xfce4-power-manager-1.4.3/data/icons/16x16'
Making all in 22x22
make[4]: Entering directory '/var/pisi/xfce4-power-manager-1.4.3-7/work/xfce4-power-manager-1.4.3/data/icons/22x22'
make[4]: Nothing to be done for 'all'.
make[4]: Leaving directory '/var/pisi/xfce4-power-manager-1.4.3-7/work/xfce4-power-manager-1.4.3/data/icons/22x22'
Making all in 24x24
make[4]: Entering directory '/var/pisi/xfce4-power-manager-1.4.3-7/work/xfce4-power-manager-1.4.3/data/icons/24x24'
make[4]: Nothing to be done for 'all'.
make[4]: Leaving directory '/var/pisi/xfce4-power-manager-1.4.3-7/work/xfce4-power-manager-1.4.3/data/icons/24x24'
Making all in 32x32
make[4]: Entering directory '/var/pisi/xfce4-power-manager-1.4.3-7/work/xfce4-power-manager-1.4.3/data/icons/32x32'
make[4]: Nothing to be done for 'all'.
make[4]: Leaving directory '/var/pisi/xfce4-power-manager-1.4.3-7/work/xfce4-power-manager-1.4.3/data/icons/32x32'
Making all in 48x48
make[4]: Entering directory '/var/pisi/xfce4-power-manager-1.4.3-7/work/xfce4-power-manager-1.4.3/data/icons/48x48'
make[4]: Nothing to be done for 'all'.
make[4]: Leaving directory '/var/pisi/xfce4-power-manager-1.4.3-7/work/xfce4-power-manager-1.4.3/data/icons/48x48'
Making all in scalable
make[4]: Entering directory '/var/pisi/xfce4-power-manager-1.4.3-7/work/xfce4-power-manager-1.4.3/data/icons/scalable'
make[4]: Nothing to be done for 'all'.
make[4]: Leaving directory '/var/pisi/xfce4-power-manager-1.4.3-7/work/xfce4-power-manager-1.4.3/data/icons/scalable'
make[4]: Entering directory '/var/pisi/xfce4-power-manager-1.4.3-7/work/xfce4-power-manager-1.4.3/data/icons'
make[4]: Nothing to be done for 'all-am'.
make[4]: Leaving directory '/var/pisi/xfce4-power-manager-1.4.3-7/work/xfce4-power-manager-1.4.3/data/icons'
make[3]: Leaving directory '/var/pisi/xfce4-power-manager-1.4.3-7/work/xfce4-power-manager-1.4.3/data/icons'
Making all in interfaces
make[3]: Entering directory '/var/pisi/xfce4-power-manager-1.4.3-7/work/xfce4-power-manager-1.4.3/data/interfaces'
make  all-am
make[4]: Entering directory '/var/pisi/xfce4-power-manager-1.4.3-7/work/xfce4-power-manager-1.4.3/data/interfaces'
make[4]: Nothing to be done for 'all-am'.
make[4]: Leaving directory '/var/pisi/xfce4-power-manager-1.4.3-7/work/xfce4-power-manager-1.4.3/data/interfaces'
make[3]: Leaving directory '/var/pisi/xfce4-power-manager-1.4.3-7/work/xfce4-power-manager-1.4.3/data/interfaces'
Making all in appdata
make[3]: Entering directory '/var/pisi/xfce4-power-manager-1.4.3-7/work/xfce4-power-manager-1.4.3/data/appdata'
  ITMRG  xfce4-power-manager.appdata.xml
make[3]: Leaving directory '/var/pisi/xfce4-power-manager-1.4.3-7/work/xfce4-power-manager-1.4.3/data/appdata'
make[3]: Entering directory '/var/pisi/xfce4-power-manager-1.4.3-7/work/xfce4-power-manager-1.4.3/data'
make[3]: Nothing to be done for 'all-am'.
make[3]: Leaving directory '/var/pisi/xfce4-power-manager-1.4.3-7/work/xfce4-power-manager-1.4.3/data'
make[2]: Leaving directory '/var/pisi/xfce4-power-manager-1.4.3-7/work/xfce4-power-manager-1.4.3/data'
Making all in libdbus
make[2]: Entering directory '/var/pisi/xfce4-power-manager-1.4.3-7/work/xfce4-power-manager-1.4.3/libdbus'
make  all-am
make[3]: Entering directory '/var/pisi/xfce4-power-manager-1.4.3-7/work/xfce4-power-manager-1.4.3/libdbus'
  CC       libxfpmdbus_la-xfpm-unique.lo
  CC       libxfpmdbus_la-xfpm-dbus-monitor.lo
  CC       libxfpmdbus_la-xfpm-dbus-marshal.lo
  CC       libxfpmdbus_la-xfpm-dbus.lo
  CCLD     libxfpmdbus.la
make[3]: Leaving directory '/var/pisi/xfce4-power-manager-1.4.3-7/work/xfce4-power-manager-1.4.3/libdbus'
make[2]: Leaving directory '/var/pisi/xfce4-power-manager-1.4.3-7/work/xfce4-power-manager-1.4.3/libdbus'
Making all in common
make[2]: Entering directory '/var/pisi/xfce4-power-manager-1.4.3-7/work/xfce4-power-manager-1.4.3/common'
make  all-am
make[3]: Entering directory '/var/pisi/xfce4-power-manager-1.4.3-7/work/xfce4-power-manager-1.4.3/common'
  CC       libxfpmcommon_la-xfpm-debug.lo
  CC       libxfpmcommon_la-xfpm-brightness.lo
  CC       libxfpmcommon_la-xfpm-common.lo
  CC       libxfpmcommon_la-xfpm-enum-types.lo
  CC       libxfpmcommon_la-xfpm-power-common.lo
  CCLD     libxfpmcommon.la
make[3]: Leaving directory '/var/pisi/xfce4-power-manager-1.4.3-7/work/xfce4-power-manager-1.4.3/common'
make[2]: Leaving directory '/var/pisi/xfce4-power-manager-1.4.3-7/work/xfce4-power-manager-1.4.3/common'
Making all in src
make[2]: Entering directory '/var/pisi/xfce4-power-manager-1.4.3-7/work/xfce4-power-manager-1.4.3/src'
make  all-am
make[3]: Entering directory '/var/pisi/xfce4-power-manager-1.4.3-7/work/xfce4-power-manager-1.4.3/src'
  CC       xfce4_power_manager-xfpm-manager.o
  CC       xfce4_power_manager-xfpm-power.o
  CC       xfce4_power_manager-xfpm-main.o
  CC       xfce4_power_manager-xfpm-battery.o
  CC       xfce4_power_manager-xfpm-marshal.o
  CC       xfce4_power_manager-xfpm-xfconf.o
  CC       xfce4_power_manager-xfpm-console-kit.o
  CC       xfce4_power_manager-xfpm-systemd.o
  CC       xfce4_power_manager-egg-idletime.o
  CC       xfce4_power_manager-xfpm-backlight.o
  CC       xfce4_power_manager-xfpm-kbd-backlight.o
  CC       xfce4_power_manager-xfpm-dpms.o
  CC       xfce4_power_manager-xfpm-button.o
  CC       xfce4_power_manager-xfpm-network-manager.o
  CC       xfce4_power_manager-xfpm-inhibit.o
  CC       xfce4_power_manager-xfpm-notify.o
  CC       xfce4_power_manager-xfpm-polkit.o
  CC       xfce4_power_manager-xfpm-errors.o
  CC       xfce4_power_manager-xfpm-suspend.o
  CC       xfpm_power_backlight_helper-xfpm-backlight-helper.o
  CC       xfce4_pm_helper-xfpm-pm-helper.o
  ITMRG  xfce4-power-manager.desktop
sed "s|[@]sbindir@|/usr/sbin|" org.xfce.power.policy.in2 > org.xfce.power.policy.in
  CCLD     xfpm-power-backlight-helper
  ITMRG  org.xfce.power.policy
  CCLD     xfce4-pm-helper
  CCLD     xfce4-power-manager
rm org.xfce.power.policy.in
make[3]: Leaving directory '/var/pisi/xfce4-power-manager-1.4.3-7/work/xfce4-power-manager-1.4.3/src'
make[2]: Leaving directory '/var/pisi/xfce4-power-manager-1.4.3-7/work/xfce4-power-manager-1.4.3/src'
Making all in settings
make[2]: Entering directory '/var/pisi/xfce4-power-manager-1.4.3-7/work/xfce4-power-manager-1.4.3/settings'
make  all-am
make[3]: Entering directory '/var/pisi/xfce4-power-manager-1.4.3-7/work/xfce4-power-manager-1.4.3/settings'
  CC       xfce4_power_manager_settings-xfpm-settings.o
  CC       xfce4_power_manager_settings-xfpm-settings-main.o
  ITMRG  xfce4-power-manager-settings.desktop
  CCLD     xfce4-power-manager-settings
make[3]: Leaving directory '/var/pisi/xfce4-power-manager-1.4.3-7/work/xfce4-power-manager-1.4.3/settings'
make[2]: Leaving directory '/var/pisi/xfce4-power-manager-1.4.3-7/work/xfce4-power-manager-1.4.3/settings'
Making all in panel-plugins
make[2]: Entering directory '/var/pisi/xfce4-power-manager-1.4.3-7/work/xfce4-power-manager-1.4.3/panel-plugins'
Making all in power-manager-plugin
make[3]: Entering directory '/var/pisi/xfce4-power-manager-1.4.3-7/work/xfce4-power-manager-1.4.3/panel-plugins/power-manager-plugin'
Making all in xfce
make[4]: Entering directory '/var/pisi/xfce4-power-manager-1.4.3-7/work/xfce4-power-manager-1.4.3/panel-plugins/power-manager-plugin/xfce'
  CC       libxfce4powermanager_la-scalemenuitem.lo
  CC       libxfce4powermanager_la-power-manager-button.lo
  CC       libxfce4powermanager_la-xfce-power-manager-plugin.lo
sed -e "s,\@libdir\@,/usr/lib,g" < power-manager-plugin.desktop.in.in > power-manager-plugin.desktop.in
  ITMRG  power-manager-plugin.desktop
  CCLD     libxfce4powermanager.la
rm power-manager-plugin.desktop.in
make[4]: Leaving directory '/var/pisi/xfce4-power-manager-1.4.3-7/work/xfce4-power-manager-1.4.3/panel-plugins/power-manager-plugin/xfce'
make[4]: Entering directory '/var/pisi/xfce4-power-manager-1.4.3-7/work/xfce4-power-manager-1.4.3/panel-plugins/power-manager-plugin'
make[4]: Nothing to be done for 'all-am'.
make[4]: Leaving directory '/var/pisi/xfce4-power-manager-1.4.3-7/work/xfce4-power-manager-1.4.3/panel-plugins/power-manager-plugin'
make[3]: Leaving directory '/var/pisi/xfce4-power-manager-1.4.3-7/work/xfce4-power-manager-1.4.3/panel-plugins/power-manager-plugin'
make[3]: Entering directory '/var/pisi/xfce4-power-manager-1.4.3-7/work/xfce4-power-manager-1.4.3/panel-plugins'
make[3]: Nothing to be done for 'all-am'.
make[3]: Leaving directory '/var/pisi/xfce4-power-manager-1.4.3-7/work/xfce4-power-manager-1.4.3/panel-plugins'
make[2]: Leaving directory '/var/pisi/xfce4-power-manager-1.4.3-7/work/xfce4-power-manager-1.4.3/panel-plugins'
Making all in po
make[2]: Entering directory '/var/pisi/xfce4-power-manager-1.4.3-7/work/xfce4-power-manager-1.4.3/po'
  MSGFMT ast.gmo
  MSGFMT ca.gmo
  MSGFMT bg.gmo
  MSGFMT ar.gmo
  MSGFMT cs.gmo
  MSGFMT da.gmo
  MSGFMT de.gmo
  MSGFMT el.gmo
  MSGFMT en_AU.gmo
  MSGFMT en_GB.gmo
  MSGFMT es.gmo
  MSGFMT et.gmo
  MSGFMT fi.gmo
  MSGFMT eu.gmo
  MSGFMT fr.gmo
  MSGFMT gl.gmo
  MSGFMT hr.gmo
  MSGFMT he.gmo
  MSGFMT hu.gmo
  MSGFMT is.gmo
  MSGFMT id.gmo
  MSGFMT it.gmo
  MSGFMT ja.gmo
  MSGFMT kk.gmo
  MSGFMT ko.gmo
  MSGFMT nb.gmo
  MSGFMT ms.gmo
  MSGFMT lt.gmo
  MSGFMT nl.gmo
  MSGFMT oc.gmo
  MSGFMT nn.gmo
  MSGFMT pl.gmo
  MSGFMT pa.gmo
  MSGFMT pt_BR.gmo
  MSGFMT pt.gmo
  MSGFMT ru.gmo
  MSGFMT ro.gmo
  MSGFMT si.gmo
  MSGFMT sk.gmo
  MSGFMT sl.gmo
  MSGFMT sr.gmo
  MSGFMT sv.gmo
  MSGFMT te.gmo
  MSGFMT th.gmo
  MSGFMT ug.gmo
  MSGFMT tr.gmo
  MSGFMT uk.gmo
  MSGFMT ur_PK.gmo
  MSGFMT ur.gmo
  MSGFMT vi.gmo
  MSGFMT zh_CN.gmo
  MSGFMT zh_HK.gmo
  MSGFMT zh_TW.gmo
make[2]: Leaving directory '/var/pisi/xfce4-power-manager-1.4.3-7/work/xfce4-power-manager-1.4.3/po'
make[2]: Entering directory '/var/pisi/xfce4-power-manager-1.4.3-7/work/xfce4-power-manager-1.4.3'
make[2]: Leaving directory '/var/pisi/xfce4-power-manager-1.4.3-7/work/xfce4-power-manager-1.4.3'
make[1]: Leaving directory '/var/pisi/xfce4-power-manager-1.4.3-7/work/xfce4-power-manager-1.4.3'
DEBUG: "make -j5" dönüş değeri 0
[32mPaket test ediliyor...
[0m[32mKuruluyor...
[0mSandbox açık inşa...
Çalışıyor make DESTDIR=/var/pisi/xfce4-power-manager-1.4.3-7/install install
Making install in data
make[1]: Entering directory '/var/pisi/xfce4-power-manager-1.4.3-7/work/xfce4-power-manager-1.4.3/data'
Making install in icons
make[2]: Entering directory '/var/pisi/xfce4-power-manager-1.4.3-7/work/xfce4-power-manager-1.4.3/data/icons'
Making install in 16x16
make[3]: Entering directory '/var/pisi/xfce4-power-manager-1.4.3-7/work/xfce4-power-manager-1.4.3/data/icons/16x16'
make[4]: Entering directory '/var/pisi/xfce4-power-manager-1.4.3-7/work/xfce4-power-manager-1.4.3/data/icons/16x16'
make[4]: Nothing to be done for 'install-exec-am'.
 /bin/mkdir -p '/var/pisi/xfce4-power-manager-1.4.3-7/install/usr/share/icons/hicolor/16x16/status'
 /usr/bin/install -c -m 644 xfpm-ac-adapter.png xfpm-primary-000.png xfpm-primary-020.png xfpm-primary-040.png xfpm-primary-060.png xfpm-primary-080.png xfpm-primary-100.png xfpm-primary-000-charging.png xfpm-primary-020-charging.png xfpm-primary-040-charging.png xfpm-primary-060-charging.png xfpm-primary-080-charging.png xfpm-primary-100-charging.png xfpm-primary-charged.png xfpm-primary-missing.png '/var/pisi/xfce4-power-manager-1.4.3-7/install/usr/share/icons/hicolor/16x16/status'
make[4]: Leaving directory '/var/pisi/xfce4-power-manager-1.4.3-7/work/xfce4-power-manager-1.4.3/data/icons/16x16'
make[3]: Leaving directory '/var/pisi/xfce4-power-manager-1.4.3-7/work/xfce4-power-manager-1.4.3/data/icons/16x16'
Making install in 22x22
make[3]: Entering directory '/var/pisi/xfce4-power-manager-1.4.3-7/work/xfce4-power-manager-1.4.3/data/icons/22x22'
make[4]: Entering directory '/var/pisi/xfce4-power-manager-1.4.3-7/work/xfce4-power-manager-1.4.3/data/icons/22x22'
make[4]: Nothing to be done for 'install-exec-am'.
 /bin/mkdir -p '/var/pisi/xfce4-power-manager-1.4.3-7/install/usr/share/icons/hicolor/22x22/status'
 /usr/bin/install -c -m 644 xfpm-ac-adapter.png xfpm-primary-000.png xfpm-primary-020.png xfpm-primary-040.png xfpm-primary-060.png xfpm-primary-080.png xfpm-primary-100.png xfpm-primary-000-charging.png xfpm-primary-020-charging.png xfpm-primary-040-charging.png xfpm-primary-060-charging.png xfpm-primary-080-charging.png xfpm-primary-100-charging.png xfpm-primary-charged.png xfpm-primary-missing.png '/var/pisi/xfce4-power-manager-1.4.3-7/install/usr/share/icons/hicolor/22x22/status'
make[4]: Leaving directory '/var/pisi/xfce4-power-manager-1.4.3-7/work/xfce4-power-manager-1.4.3/data/icons/22x22'
make[3]: Leaving directory '/var/pisi/xfce4-power-manager-1.4.3-7/work/xfce4-power-manager-1.4.3/data/icons/22x22'
Making install in 24x24
make[3]: Entering directory '/var/pisi/xfce4-power-manager-1.4.3-7/work/xfce4-power-manager-1.4.3/data/icons/24x24'
make[4]: Entering directory '/var/pisi/xfce4-power-manager-1.4.3-7/work/xfce4-power-manager-1.4.3/data/icons/24x24'
make[4]: Nothing to be done for 'install-exec-am'.
 /bin/mkdir -p '/var/pisi/xfce4-power-manager-1.4.3-7/install/usr/share/icons/hicolor/24x24/status'
 /usr/bin/install -c -m 644 xfpm-ac-adapter.png xfpm-primary-000.png xfpm-primary-020.png xfpm-primary-040.png xfpm-primary-060.png xfpm-primary-080.png xfpm-primary-100.png xfpm-primary-000-charging.png xfpm-primary-020-charging.png xfpm-primary-040-charging.png xfpm-primary-060-charging.png xfpm-primary-080-charging.png xfpm-primary-100-charging.png xfpm-primary-charged.png xfpm-primary-missing.png '/var/pisi/xfce4-power-manager-1.4.3-7/install/usr/share/icons/hicolor/24x24/status'
make[4]: Leaving directory '/var/pisi/xfce4-power-manager-1.4.3-7/work/xfce4-power-manager-1.4.3/data/icons/24x24'
make[3]: Leaving directory '/var/pisi/xfce4-power-manager-1.4.3-7/work/xfce4-power-manager-1.4.3/data/icons/24x24'
Making install in 32x32
make[3]: Entering directory '/var/pisi/xfce4-power-manager-1.4.3-7/work/xfce4-power-manager-1.4.3/data/icons/32x32'
make[4]: Entering directory '/var/pisi/xfce4-power-manager-1.4.3-7/work/xfce4-power-manager-1.4.3/data/icons/32x32'
make[4]: Nothing to be done for 'install-exec-am'.
 /bin/mkdir -p '/var/pisi/xfce4-power-manager-1.4.3-7/install/usr/share/icons/hicolor/32x32/status'
 /usr/bin/install -c -m 644 computer.png input-keyboard.png input-mouse.png multimedia-player.png pda.png phone.png tablet.png video-display.png xfpm-ac-adapter.png xfpm-primary-000.png xfpm-primary-020.png xfpm-primary-040.png xfpm-primary-060.png xfpm-primary-080.png xfpm-primary-100.png xfpm-primary-000-charging.png xfpm-primary-020-charging.png xfpm-primary-040-charging.png xfpm-primary-060-charging.png xfpm-primary-080-charging.png xfpm-primary-100-charging.png xfpm-primary-charged.png xfpm-primary-missing.png xfpm-ups-000.png xfpm-ups-020.png xfpm-ups-040.png xfpm-ups-060.png xfpm-ups-080.png xfpm-ups-100.png xfpm-brightness-lcd.png '/var/pisi/xfce4-power-manager-1.4.3-7/install/usr/share/icons/hicolor/32x32/status'
make[4]: Leaving directory '/var/pisi/xfce4-power-manager-1.4.3-7/work/xfce4-power-manager-1.4.3/data/icons/32x32'
make[3]: Leaving directory '/var/pisi/xfce4-power-manager-1.4.3-7/work/xfce4-power-manager-1.4.3/data/icons/32x32'
Making install in 48x48
make[3]: Entering directory '/var/pisi/xfce4-power-manager-1.4.3-7/work/xfce4-power-manager-1.4.3/data/icons/48x48'
make[4]: Entering directory '/var/pisi/xfce4-power-manager-1.4.3-7/work/xfce4-power-manager-1.4.3/data/icons/48x48'
make[4]: Nothing to be done for 'install-exec-am'.
 /bin/mkdir -p '/var/pisi/xfce4-power-manager-1.4.3-7/install/usr/share/icons/hicolor/48x48/status'
 /usr/bin/install -c -m 644 computer.png input-keyboard.png input-mouse.png multimedia-player.png pda.png phone.png tablet.png video-display.png xfpm-ac-adapter.png xfpm-primary-000.png xfpm-primary-020.png xfpm-primary-040.png xfpm-primary-060.png xfpm-primary-080.png xfpm-primary-100.png xfpm-primary-000-charging.png xfpm-primary-020-charging.png xfpm-primary-040-charging.png xfpm-primary-060-charging.png xfpm-primary-080-charging.png xfpm-primary-100-charging.png xfpm-primary-charged.png xfpm-primary-missing.png xfpm-ups-000.png xfpm-ups-020.png xfpm-ups-040.png xfpm-ups-060.png xfpm-ups-080.png xfpm-ups-100.png xfpm-brightness-keyboard.png xfpm-brightness-lcd.png '/var/pisi/xfce4-power-manager-1.4.3-7/install/usr/share/icons/hicolor/48x48/status'
make[4]: Leaving directory '/var/pisi/xfce4-power-manager-1.4.3-7/work/xfce4-power-manager-1.4.3/data/icons/48x48'
make[3]: Leaving directory '/var/pisi/xfce4-power-manager-1.4.3-7/work/xfce4-power-manager-1.4.3/data/icons/48x48'
Making install in scalable
make[3]: Entering directory '/var/pisi/xfce4-power-manager-1.4.3-7/work/xfce4-power-manager-1.4.3/data/icons/scalable'
make[4]: Entering directory '/var/pisi/xfce4-power-manager-1.4.3-7/work/xfce4-power-manager-1.4.3/data/icons/scalable'
make[4]: Nothing to be done for 'install-exec-am'.
 /bin/mkdir -p '/var/pisi/xfce4-power-manager-1.4.3-7/install/usr/share/icons/hicolor/scalable/status'
 /usr/bin/install -c -m 644 computer.svg keyboard.svg mouse.svg multimedia-player.svg pda.svg phone.svg tablet.svg video-display.svg xfpm-ac-adapter.svg xfpm-primary-000.svg xfpm-primary-020.svg xfpm-primary-040.svg xfpm-primary-060.svg xfpm-primary-080.svg xfpm-primary-100.svg xfpm-primary-000-charging.svg xfpm-primary-020-charging.svg xfpm-primary-040-charging.svg xfpm-primary-060-charging.svg xfpm-primary-080-charging.svg xfpm-primary-100-charging.svg xfpm-primary-charged.svg xfpm-primary-missing.svg xfpm-ups-000.svg xfpm-ups-020.svg xfpm-ups-040.svg xfpm-ups-060.svg xfpm-ups-080.svg xfpm-ups-100.svg xfpm-brightness-keyboard.svg xfpm-brightness-lcd.svg '/var/pisi/xfce4-power-manager-1.4.3-7/install/usr/share/icons/hicolor/scalable/status'
make[4]: Leaving directory '/var/pisi/xfce4-power-manager-1.4.3-7/work/xfce4-power-manager-1.4.3/data/icons/scalable'
make[3]: Leaving directory '/var/pisi/xfce4-power-manager-1.4.3-7/work/xfce4-power-manager-1.4.3/data/icons/scalable'
make[3]: Entering directory '/var/pisi/xfce4-power-manager-1.4.3-7/work/xfce4-power-manager-1.4.3/data/icons'
make[4]: Entering directory '/var/pisi/xfce4-power-manager-1.4.3-7/work/xfce4-power-manager-1.4.3/data/icons'
make[4]: Nothing to be done for 'install-exec-am'.
make  install-data-hook
make[5]: Entering directory '/var/pisi/xfce4-power-manager-1.4.3-7/work/xfce4-power-manager-1.4.3/data/icons'
*** Icon cache not updated. Remember to run:
***
***   gtk-update-icon-cache -f -t /usr/share/icons/hicolor
***
make[5]: Leaving directory '/var/pisi/xfce4-power-manager-1.4.3-7/work/xfce4-power-manager-1.4.3/data/icons'
make[4]: Leaving directory '/var/pisi/xfce4-power-manager-1.4.3-7/work/xfce4-power-manager-1.4.3/data/icons'
make[3]: Leaving directory '/var/pisi/xfce4-power-manager-1.4.3-7/work/xfce4-power-manager-1.4.3/data/icons'
make[2]: Leaving directory '/var/pisi/xfce4-power-manager-1.4.3-7/work/xfce4-power-manager-1.4.3/data/icons'
Making install in interfaces
make[2]: Entering directory '/var/pisi/xfce4-power-manager-1.4.3-7/work/xfce4-power-manager-1.4.3/data/interfaces'
make  install-am
make[3]: Entering directory '/var/pisi/xfce4-power-manager-1.4.3-7/work/xfce4-power-manager-1.4.3/data/interfaces'
make[4]: Entering directory '/var/pisi/xfce4-power-manager-1.4.3-7/work/xfce4-power-manager-1.4.3/data/interfaces'
make[4]: Nothing to be done for 'install-exec-am'.
make[4]: Nothing to be done for 'install-data-am'.
make[4]: Leaving directory '/var/pisi/xfce4-power-manager-1.4.3-7/work/xfce4-power-manager-1.4.3/data/interfaces'
make[3]: Leaving directory '/var/pisi/xfce4-power-manager-1.4.3-7/work/xfce4-power-manager-1.4.3/data/interfaces'
make[2]: Leaving directory '/var/pisi/xfce4-power-manager-1.4.3-7/work/xfce4-power-manager-1.4.3/data/interfaces'
Making install in appdata
make[2]: Entering directory '/var/pisi/xfce4-power-manager-1.4.3-7/work/xfce4-power-manager-1.4.3/data/appdata'
make[3]: Entering directory '/var/pisi/xfce4-power-manager-1.4.3-7/work/xfce4-power-manager-1.4.3/data/appdata'
make[3]: Nothing to be done for 'install-exec-am'.
 /bin/mkdir -p '/var/pisi/xfce4-power-manager-1.4.3-7/install/usr/share/appdata'
 /usr/bin/install -c -m 644 xfce4-power-manager.appdata.xml '/var/pisi/xfce4-power-manager-1.4.3-7/install/usr/share/appdata'
make[3]: Leaving directory '/var/pisi/xfce4-power-manager-1.4.3-7/work/xfce4-power-manager-1.4.3/data/appdata'
make[2]: Leaving directory '/var/pisi/xfce4-power-manager-1.4.3-7/work/xfce4-power-manager-1.4.3/data/appdata'
make[2]: Entering directory '/var/pisi/xfce4-power-manager-1.4.3-7/work/xfce4-power-manager-1.4.3/data'
make[3]: Entering directory '/var/pisi/xfce4-power-manager-1.4.3-7/work/xfce4-power-manager-1.4.3/data'
make[3]: Nothing to be done for 'install-exec-am'.
make[3]: Nothing to be done for 'install-data-am'.
make[3]: Leaving directory '/var/pisi/xfce4-power-manager-1.4.3-7/work/xfce4-power-manager-1.4.3/data'
make[2]: Leaving directory '/var/pisi/xfce4-power-manager-1.4.3-7/work/xfce4-power-manager-1.4.3/data'
make[1]: Leaving directory '/var/pisi/xfce4-power-manager-1.4.3-7/work/xfce4-power-manager-1.4.3/data'
Making install in libdbus
make[1]: Entering directory '/var/pisi/xfce4-power-manager-1.4.3-7/work/xfce4-power-manager-1.4.3/libdbus'
make  install-am
make[2]: Entering directory '/var/pisi/xfce4-power-manager-1.4.3-7/work/xfce4-power-manager-1.4.3/libdbus'
make[3]: Entering directory '/var/pisi/xfce4-power-manager-1.4.3-7/work/xfce4-power-manager-1.4.3/libdbus'
make[3]: Nothing to be done for 'install-exec-am'.
make[3]: Nothing to be done for 'install-data-am'.
make[3]: Leaving directory '/var/pisi/xfce4-power-manager-1.4.3-7/work/xfce4-power-manager-1.4.3/libdbus'
make[2]: Leaving directory '/var/pisi/xfce4-power-manager-1.4.3-7/work/xfce4-power-manager-1.4.3/libdbus'
make[1]: Leaving directory '/var/pisi/xfce4-power-manager-1.4.3-7/work/xfce4-power-manager-1.4.3/libdbus'
Making install in common
make[1]: Entering directory '/var/pisi/xfce4-power-manager-1.4.3-7/work/xfce4-power-manager-1.4.3/common'
make  install-am
make[2]: Entering directory '/var/pisi/xfce4-power-manager-1.4.3-7/work/xfce4-power-manager-1.4.3/common'
make[3]: Entering directory '/var/pisi/xfce4-power-manager-1.4.3-7/work/xfce4-power-manager-1.4.3/common'
make[3]: Nothing to be done for 'install-exec-am'.
make[3]: Nothing to be done for 'install-data-am'.
make[3]: Leaving directory '/var/pisi/xfce4-power-manager-1.4.3-7/work/xfce4-power-manager-1.4.3/common'
make[2]: Leaving directory '/var/pisi/xfce4-power-manager-1.4.3-7/work/xfce4-power-manager-1.4.3/common'
make[1]: Leaving directory '/var/pisi/xfce4-power-manager-1.4.3-7/work/xfce4-power-manager-1.4.3/common'
Making install in src
make[1]: Entering directory '/var/pisi/xfce4-power-manager-1.4.3-7/work/xfce4-power-manager-1.4.3/src'
make  install-am
make[2]: Entering directory '/var/pisi/xfce4-power-manager-1.4.3-7/work/xfce4-power-manager-1.4.3/src'
make[3]: Entering directory '/var/pisi/xfce4-power-manager-1.4.3-7/work/xfce4-power-manager-1.4.3/src'
 /bin/mkdir -p '/var/pisi/xfce4-power-manager-1.4.3-7/install/usr/bin'
  /bin/sh ../libtool   --mode=install /usr/bin/install -c xfce4-power-manager '/var/pisi/xfce4-power-manager-1.4.3-7/install/usr/bin'
libtool: install: /usr/bin/install -c xfce4-power-manager /var/pisi/xfce4-power-manager-1.4.3-7/install/usr/bin/xfce4-power-manager
 /bin/mkdir -p '/var/pisi/xfce4-power-manager-1.4.3-7/install/usr/sbin'
  /bin/sh ../libtool   --mode=install /usr/bin/install -c xfpm-power-backlight-helper xfce4-pm-helper '/var/pisi/xfce4-power-manager-1.4.3-7/install/usr/sbin'
libtool: install: /usr/bin/install -c xfpm-power-backlight-helper /var/pisi/xfce4-power-manager-1.4.3-7/install/usr/sbin/xfpm-power-backlight-helper
libtool: install: /usr/bin/install -c xfce4-pm-helper /var/pisi/xfce4-power-manager-1.4.3-7/install/usr/sbin/xfce4-pm-helper
 /bin/mkdir -p '/var/pisi/xfce4-power-manager-1.4.3-7/install/etc/xdg/autostart'
 /usr/bin/install -c -m 644 xfce4-power-manager.desktop '/var/pisi/xfce4-power-manager-1.4.3-7/install/etc/xdg/autostart'
 /bin/mkdir -p '/var/pisi/xfce4-power-manager-1.4.3-7/install/usr/share/man/man1'
 /usr/bin/install -c -m 644 xfce4-power-manager.1 '/var/pisi/xfce4-power-manager-1.4.3-7/install/usr/share/man/man1'
 /bin/mkdir -p '/var/pisi/xfce4-power-manager-1.4.3-7/install/usr/share/polkit-1/actions'
 /usr/bin/install -c -m 644 org.xfce.power.policy '/var/pisi/xfce4-power-manager-1.4.3-7/install/usr/share/polkit-1/actions'
make[3]: Leaving directory '/var/pisi/xfce4-power-manager-1.4.3-7/work/xfce4-power-manager-1.4.3/src'
make[2]: Leaving directory '/var/pisi/xfce4-power-manager-1.4.3-7/work/xfce4-power-manager-1.4.3/src'
make[1]: Leaving directory '/var/pisi/xfce4-power-manager-1.4.3-7/work/xfce4-power-manager-1.4.3/src'
Making install in settings
make[1]: Entering directory '/var/pisi/xfce4-power-manager-1.4.3-7/work/xfce4-power-manager-1.4.3/settings'
make  install-am
make[2]: Entering directory '/var/pisi/xfce4-power-manager-1.4.3-7/work/xfce4-power-manager-1.4.3/settings'
make[3]: Entering directory '/var/pisi/xfce4-power-manager-1.4.3-7/work/xfce4-power-manager-1.4.3/settings'
 /bin/mkdir -p '/var/pisi/xfce4-power-manager-1.4.3-7/install/usr/bin'
  /bin/sh ../libtool   --mode=install /usr/bin/install -c xfce4-power-manager-settings '/var/pisi/xfce4-power-manager-1.4.3-7/install/usr/bin'
libtool: install: /usr/bin/install -c xfce4-power-manager-settings /var/pisi/xfce4-power-manager-1.4.3-7/install/usr/bin/xfce4-power-manager-settings
 /bin/mkdir -p '/var/pisi/xfce4-power-manager-1.4.3-7/install/usr/share/applications'
 /usr/bin/install -c -m 644 xfce4-power-manager-settings.desktop '/var/pisi/xfce4-power-manager-1.4.3-7/install/usr/share/applications'
 /bin/mkdir -p '/var/pisi/xfce4-power-manager-1.4.3-7/install/usr/share/man/man1'
 /usr/bin/install -c -m 644 xfce4-power-manager-settings.1 '/var/pisi/xfce4-power-manager-1.4.3-7/install/usr/share/man/man1'
make[3]: Leaving directory '/var/pisi/xfce4-power-manager-1.4.3-7/work/xfce4-power-manager-1.4.3/settings'
make[2]: Leaving directory '/var/pisi/xfce4-power-manager-1.4.3-7/work/xfce4-power-manager-1.4.3/settings'
make[1]: Leaving directory '/var/pisi/xfce4-power-manager-1.4.3-7/work/xfce4-power-manager-1.4.3/settings'
Making install in panel-plugins
make[1]: Entering directory '/var/pisi/xfce4-power-manager-1.4.3-7/work/xfce4-power-manager-1.4.3/panel-plugins'
Making install in power-manager-plugin
make[2]: Entering directory '/var/pisi/xfce4-power-manager-1.4.3-7/work/xfce4-power-manager-1.4.3/panel-plugins/power-manager-plugin'
Making install in xfce
make[3]: Entering directory '/var/pisi/xfce4-power-manager-1.4.3-7/work/xfce4-power-manager-1.4.3/panel-plugins/power-manager-plugin/xfce'
make[4]: Entering directory '/var/pisi/xfce4-power-manager-1.4.3-7/work/xfce4-power-manager-1.4.3/panel-plugins/power-manager-plugin/xfce'
make[4]: Nothing to be done for 'install-exec-am'.
 /bin/mkdir -p '/var/pisi/xfce4-power-manager-1.4.3-7/install/usr/share/xfce4/panel/plugins'
 /usr/bin/install -c -m 644 power-manager-plugin.desktop '/var/pisi/xfce4-power-manager-1.4.3-7/install/usr/share/xfce4/panel/plugins'
 /bin/mkdir -p '/var/pisi/xfce4-power-manager-1.4.3-7/install/usr/lib/xfce4/panel/plugins'
 /bin/sh ../../../libtool   --mode=install /usr/bin/install -c   libxfce4powermanager.la '/var/pisi/xfce4-power-manager-1.4.3-7/install/usr/lib/xfce4/panel/plugins'
libtool: install: /usr/bin/install -c .libs/libxfce4powermanager.so /var/pisi/xfce4-power-manager-1.4.3-7/install/usr/lib/xfce4/panel/plugins/libxfce4powermanager.so
libtool: install: /usr/bin/install -c .libs/libxfce4powermanager.lai /var/pisi/xfce4-power-manager-1.4.3-7/install/usr/lib/xfce4/panel/plugins/libxfce4powermanager.la
make[4]: Leaving directory '/var/pisi/xfce4-power-manager-1.4.3-7/work/xfce4-power-manager-1.4.3/panel-plugins/power-manager-plugin/xfce'
make[3]: Leaving directory '/var/pisi/xfce4-power-manager-1.4.3-7/work/xfce4-power-manager-1.4.3/panel-plugins/power-manager-plugin/xfce'
make[3]: Entering directory '/var/pisi/xfce4-power-manager-1.4.3-7/work/xfce4-power-manager-1.4.3/panel-plugins/power-manager-plugin'
make[4]: Entering directory '/var/pisi/xfce4-power-manager-1.4.3-7/work/xfce4-power-manager-1.4.3/panel-plugins/power-manager-plugin'
make[4]: Nothing to be done for 'install-exec-am'.
make[4]: Nothing to be done for 'install-data-am'.
make[4]: Leaving directory '/var/pisi/xfce4-power-manager-1.4.3-7/work/xfce4-power-manager-1.4.3/panel-plugins/power-manager-plugin'
make[3]: Leaving directory '/var/pisi/xfce4-power-manager-1.4.3-7/work/xfce4-power-manager-1.4.3/panel-plugins/power-manager-plugin'
make[2]: Leaving directory '/var/pisi/xfce4-power-manager-1.4.3-7/work/xfce4-power-manager-1.4.3/panel-plugins/power-manager-plugin'
make[2]: Entering directory '/var/pisi/xfce4-power-manager-1.4.3-7/work/xfce4-power-manager-1.4.3/panel-plugins'
make[3]: Entering directory '/var/pisi/xfce4-power-manager-1.4.3-7/work/xfce4-power-manager-1.4.3/panel-plugins'
make[3]: Nothing to be done for 'install-exec-am'.
make[3]: Nothing to be done for 'install-data-am'.
make[3]: Leaving directory '/var/pisi/xfce4-power-manager-1.4.3-7/work/xfce4-power-manager-1.4.3/panel-plugins'
make[2]: Leaving directory '/var/pisi/xfce4-power-manager-1.4.3-7/work/xfce4-power-manager-1.4.3/panel-plugins'
make[1]: Leaving directory '/var/pisi/xfce4-power-manager-1.4.3-7/work/xfce4-power-manager-1.4.3/panel-plugins'
Making install in po
make[1]: Entering directory '/var/pisi/xfce4-power-manager-1.4.3-7/work/xfce4-power-manager-1.4.3/po'
linguas="ar ast bg ca cs da de el en_AU en_GB es et eu fi fr gl he hr hu id is it ja kk ko lt ms nb nl nn oc pa pl pt_BR pt ro ru si sk sl sr sv te th tr ug uk ur_PK ur vi zh_CN zh_HK zh_TW "; \
for lang in $linguas; do \
  dir=/var/pisi/xfce4-power-manager-1.4.3-7/install/usr/share/locale/$lang/LC_MESSAGES; \
  /bin/sh /var/pisi/xfce4-power-manager-1.4.3-7/work/xfce4-power-manager-1.4.3/install-sh -d $dir; \
  if test -r $lang.gmo; then \
    /usr/bin/install -c -m 644 $lang.gmo $dir/xfce4-power-manager.mo; \
    echo "installing $lang.gmo as $dir/xfce4-power-manager.mo"; \
  else \
    /usr/bin/install -c -m 644 ./$lang.gmo $dir/xfce4-power-manager.mo; \
    echo "installing ./$lang.gmo as" \
	 "$dir/xfce4-power-manager.mo"; \
  fi; \
  if test -r $lang.gmo.m; then \
    /usr/bin/install -c -m 644 $lang.gmo.m $dir/xfce4-power-manager.mo.m; \
    echo "installing $lang.gmo.m as $dir/xfce4-power-manager.mo.m"; \
  else \
    if test -r ./$lang.gmo.m ; then \
      /usr/bin/install -c -m 644 ./$lang.gmo.m \
	$dir/xfce4-power-manager.mo.m; \
      echo "installing ./$lang.gmo.m as" \
	   "$dir/xfce4-power-manager.mo.m"; \
    else \
      true; \
    fi; \
  fi; \
done
installing ar.gmo as /var/pisi/xfce4-power-manager-1.4.3-7/install/usr/share/locale/ar/LC_MESSAGES/xfce4-power-manager.mo
installing ast.gmo as /var/pisi/xfce4-power-manager-1.4.3-7/install/usr/share/locale/ast/LC_MESSAGES/xfce4-power-manager.mo
installing bg.gmo as /var/pisi/xfce4-power-manager-1.4.3-7/install/usr/share/locale/bg/LC_MESSAGES/xfce4-power-manager.mo
installing ca.gmo as /var/pisi/xfce4-power-manager-1.4.3-7/install/usr/share/locale/ca/LC_MESSAGES/xfce4-power-manager.mo
installing cs.gmo as /var/pisi/xfce4-power-manager-1.4.3-7/install/usr/share/locale/cs/LC_MESSAGES/xfce4-power-manager.mo
installing da.gmo as /var/pisi/xfce4-power-manager-1.4.3-7/install/usr/share/locale/da/LC_MESSAGES/xfce4-power-manager.mo
installing de.gmo as /var/pisi/xfce4-power-manager-1.4.3-7/install/usr/share/locale/de/LC_MESSAGES/xfce4-power-manager.mo
installing el.gmo as /var/pisi/xfce4-power-manager-1.4.3-7/install/usr/share/locale/el/LC_MESSAGES/xfce4-power-manager.mo
installing en_AU.gmo as /var/pisi/xfce4-power-manager-1.4.3-7/install/usr/share/locale/en_AU/LC_MESSAGES/xfce4-power-manager.mo
installing en_GB.gmo as /var/pisi/xfce4-power-manager-1.4.3-7/install/usr/share/locale/en_GB/LC_MESSAGES/xfce4-power-manager.mo
installing es.gmo as /var/pisi/xfce4-power-manager-1.4.3-7/install/usr/share/locale/es/LC_MESSAGES/xfce4-power-manager.mo
installing et.gmo as /var/pisi/xfce4-power-manager-1.4.3-7/install/usr/share/locale/et/LC_MESSAGES/xfce4-power-manager.mo
installing eu.gmo as /var/pisi/xfce4-power-manager-1.4.3-7/install/usr/share/locale/eu/LC_MESSAGES/xfce4-power-manager.mo
installing fi.gmo as /var/pisi/xfce4-power-manager-1.4.3-7/install/usr/share/locale/fi/LC_MESSAGES/xfce4-power-manager.mo
installing fr.gmo as /var/pisi/xfce4-power-manager-1.4.3-7/install/usr/share/locale/fr/LC_MESSAGES/xfce4-power-manager.mo
installing gl.gmo as /var/pisi/xfce4-power-manager-1.4.3-7/install/usr/share/locale/gl/LC_MESSAGES/xfce4-power-manager.mo
installing he.gmo as /var/pisi/xfce4-power-manager-1.4.3-7/install/usr/share/locale/he/LC_MESSAGES/xfce4-power-manager.mo
installing hr.gmo as /var/pisi/xfce4-power-manager-1.4.3-7/install/usr/share/locale/hr/LC_MESSAGES/xfce4-power-manager.mo
installing hu.gmo as /var/pisi/xfce4-power-manager-1.4.3-7/install/usr/share/locale/hu/LC_MESSAGES/xfce4-power-manager.mo
installing id.gmo as /var/pisi/xfce4-power-manager-1.4.3-7/install/usr/share/locale/id/LC_MESSAGES/xfce4-power-manager.mo
installing is.gmo as /var/pisi/xfce4-power-manager-1.4.3-7/install/usr/share/locale/is/LC_MESSAGES/xfce4-power-manager.mo
installing it.gmo as /var/pisi/xfce4-power-manager-1.4.3-7/install/usr/share/locale/it/LC_MESSAGES/xfce4-power-manager.mo
installing ja.gmo as /var/pisi/xfce4-power-manager-1.4.3-7/install/usr/share/locale/ja/LC_MESSAGES/xfce4-power-manager.mo
installing kk.gmo as /var/pisi/xfce4-power-manager-1.4.3-7/install/usr/share/locale/kk/LC_MESSAGES/xfce4-power-manager.mo
installing ko.gmo as /var/pisi/xfce4-power-manager-1.4.3-7/install/usr/share/locale/ko/LC_MESSAGES/xfce4-power-manager.mo
installing lt.gmo as /var/pisi/xfce4-power-manager-1.4.3-7/install/usr/share/locale/lt/LC_MESSAGES/xfce4-power-manager.mo
installing ms.gmo as /var/pisi/xfce4-power-manager-1.4.3-7/install/usr/share/locale/ms/LC_MESSAGES/xfce4-power-manager.mo
installing nb.gmo as /var/pisi/xfce4-power-manager-1.4.3-7/install/usr/share/locale/nb/LC_MESSAGES/xfce4-power-manager.mo
installing nl.gmo as /var/pisi/xfce4-power-manager-1.4.3-7/install/usr/share/locale/nl/LC_MESSAGES/xfce4-power-manager.mo
installing nn.gmo as /var/pisi/xfce4-power-manager-1.4.3-7/install/usr/share/locale/nn/LC_MESSAGES/xfce4-power-manager.mo
installing oc.gmo as /var/pisi/xfce4-power-manager-1.4.3-7/install/usr/share/locale/oc/LC_MESSAGES/xfce4-power-manager.mo
installing pa.gmo as /var/pisi/xfce4-power-manager-1.4.3-7/install/usr/share/locale/pa/LC_MESSAGES/xfce4-power-manager.mo
installing pl.gmo as /var/pisi/xfce4-power-manager-1.4.3-7/install/usr/share/locale/pl/LC_MESSAGES/xfce4-power-manager.mo
installing pt_BR.gmo as /var/pisi/xfce4-power-manager-1.4.3-7/install/usr/share/locale/pt_BR/LC_MESSAGES/xfce4-power-manager.mo
installing pt.gmo as /var/pisi/xfce4-power-manager-1.4.3-7/install/usr/share/locale/pt/LC_MESSAGES/xfce4-power-manager.mo
installing ro.gmo as /var/pisi/xfce4-power-manager-1.4.3-7/install/usr/share/locale/ro/LC_MESSAGES/xfce4-power-manager.mo
installing ru.gmo as /var/pisi/xfce4-power-manager-1.4.3-7/install/usr/share/locale/ru/LC_MESSAGES/xfce4-power-manager.mo
installing si.gmo as /var/pisi/xfce4-power-manager-1.4.3-7/install/usr/share/locale/si/LC_MESSAGES/xfce4-power-manager.mo
installing sk.gmo as /var/pisi/xfce4-power-manager-1.4.3-7/install/usr/share/locale/sk/LC_MESSAGES/xfce4-power-manager.mo
installing sl.gmo as /var/pisi/xfce4-power-manager-1.4.3-7/install/usr/share/locale/sl/LC_MESSAGES/xfce4-power-manager.mo
installing sr.gmo as /var/pisi/xfce4-power-manager-1.4.3-7/install/usr/share/locale/sr/LC_MESSAGES/xfce4-power-manager.mo
installing sv.gmo as /var/pisi/xfce4-power-manager-1.4.3-7/install/usr/share/locale/sv/LC_MESSAGES/xfce4-power-manager.mo
installing te.gmo as /var/pisi/xfce4-power-manager-1.4.3-7/install/usr/share/locale/te/LC_MESSAGES/xfce4-power-manager.mo
installing th.gmo as /var/pisi/xfce4-power-manager-1.4.3-7/install/usr/share/locale/th/LC_MESSAGES/xfce4-power-manager.mo
installing tr.gmo as /var/pisi/xfce4-power-manager-1.4.3-7/install/usr/share/locale/tr/LC_MESSAGES/xfce4-power-manager.mo
installing ug.gmo as /var/pisi/xfce4-power-manager-1.4.3-7/install/usr/share/locale/ug/LC_MESSAGES/xfce4-power-manager.mo
installing uk.gmo as /var/pisi/xfce4-power-manager-1.4.3-7/install/usr/share/locale/uk/LC_MESSAGES/xfce4-power-manager.mo
installing ur_PK.gmo as /var/pisi/xfce4-power-manager-1.4.3-7/install/usr/share/locale/ur_PK/LC_MESSAGES/xfce4-power-manager.mo
installing ur.gmo as /var/pisi/xfce4-power-manager-1.4.3-7/install/usr/share/locale/ur/LC_MESSAGES/xfce4-power-manager.mo
installing vi.gmo as /var/pisi/xfce4-power-manager-1.4.3-7/install/usr/share/locale/vi/LC_MESSAGES/xfce4-power-manager.mo
installing zh_CN.gmo as /var/pisi/xfce4-power-manager-1.4.3-7/install/usr/share/locale/zh_CN/LC_MESSAGES/xfce4-power-manager.mo
installing zh_HK.gmo as /var/pisi/xfce4-power-manager-1.4.3-7/install/usr/share/locale/zh_HK/LC_MESSAGES/xfce4-power-manager.mo
installing zh_TW.gmo as /var/pisi/xfce4-power-manager-1.4.3-7/install/usr/share/locale/zh_TW/LC_MESSAGES/xfce4-power-manager.mo
make[1]: Leaving directory '/var/pisi/xfce4-power-manager-1.4.3-7/work/xfce4-power-manager-1.4.3/po'
make[1]: Entering directory '/var/pisi/xfce4-power-manager-1.4.3-7/work/xfce4-power-manager-1.4.3'
make[2]: Entering directory '/var/pisi/xfce4-power-manager-1.4.3-7/work/xfce4-power-manager-1.4.3'
make[2]: Nothing to be done for 'install-exec-am'.
make[2]: Nothing to be done for 'install-data-am'.
make[2]: Leaving directory '/var/pisi/xfce4-power-manager-1.4.3-7/work/xfce4-power-manager-1.4.3'
make[1]: Leaving directory '/var/pisi/xfce4-power-manager-1.4.3-7/work/xfce4-power-manager-1.4.3'
DEBUG: "make DESTDIR=/var/pisi/xfce4-power-manager-1.4.3-7/install install" dönüş değeri 0
Çalışıyor install -m0644 "AUTHORS" /var/pisi/xfce4-power-manager-1.4.3-7/install/usr/share/doc/xfce4-power-manager
DEBUG: "install -m0644 "AUTHORS" /var/pisi/xfce4-power-manager-1.4.3-7/install/usr/share/doc/xfce4-power-manager" dönüş değeri 0
Çalışıyor install -m0644 "ChangeLog" /var/pisi/xfce4-power-manager-1.4.3-7/install/usr/share/doc/xfce4-power-manager
DEBUG: "install -m0644 "ChangeLog" /var/pisi/xfce4-power-manager-1.4.3-7/install/usr/share/doc/xfce4-power-manager" dönüş değeri 0
Çalışıyor install -m0644 "COPYING" /var/pisi/xfce4-power-manager-1.4.3-7/install/usr/share/doc/xfce4-power-manager
DEBUG: "install -m0644 "COPYING" /var/pisi/xfce4-power-manager-1.4.3-7/install/usr/share/doc/xfce4-power-manager" dönüş değeri 0
Çalışıyor install -m0644 "NEWS" /var/pisi/xfce4-power-manager-1.4.3-7/install/usr/share/doc/xfce4-power-manager
DEBUG: "install -m0644 "NEWS" /var/pisi/xfce4-power-manager-1.4.3-7/install/usr/share/doc/xfce4-power-manager" dönüş değeri 0
Çalışıyor install -m0644 "README" /var/pisi/xfce4-power-manager-1.4.3-7/install/usr/share/doc/xfce4-power-manager
DEBUG: "install -m0644 "README" /var/pisi/xfce4-power-manager-1.4.3-7/install/usr/share/doc/xfce4-power-manager" dönüş değeri 0
Çalışıyor install -m0644 "TODO" /var/pisi/xfce4-power-manager-1.4.3-7/install/usr/share/doc/xfce4-power-manager
DEBUG: "install -m0644 "TODO" /var/pisi/xfce4-power-manager-1.4.3-7/install/usr/share/doc/xfce4-power-manager" dönüş değeri 0
DEBUG: /usr/bin/xfce4-power-manager [stripped]
DEBUG: /usr/bin/xfce4-power-manager-settings [stripped]
DEBUG: /usr/sbin/xfce4-pm-helper [stripped]
DEBUG: /usr/sbin/xfpm-power-backlight-helper [stripped]
DEBUG: Removing special libtool file: /var/pisi/xfce4-power-manager-1.4.3-7/install/usr/lib/xfce4/panel/plugins/libxfce4powermanager.la
DEBUG: /usr/lib/xfce4/panel/plugins/libxfce4powermanager.so [stripped]
[32mPaket inşa ediliyor: xfce4-power-manager
[0mxfce4-power-manager-1.4.3-7-p01-x86_64.pisi oluşturuluyor... 
İnşa dizini bırakılıyor
