[01;32mKaynak paket inşa ediliyor: qt5-doc
[0mDEBUG: ComponentDB initialized in 0.00382995605469.
DEBUG: RepoDB initialized in 0.000205039978027.
DEBUG: InstallDB initialized in 0.00650906562805.
qtdoc-opensource-src-5.4.0.tar.xz [önbellekte]
[32mArşiv(ler) açılıyor...
[0m açıldı (/var/pisi/qt5-doc-5.4.1-1/work)
[32mKaynak yapılandırılıyor...
[0mSandbox açık inşa...
Çalışıyor qmake qtdoc.pro
DEBUG: "qmake qtdoc.pro" dönüş değeri 0
[32mKaynak inşa ediliyor...
[0mSandbox açık inşa...
Çalışıyor make VERBOSE=1 -j5
cd doc/ && /usr/lib/qt4/bin/qmake /var/pisi/qt5-doc-5.4.1-1/work/qtdoc-opensource-src-5.4.0/doc/doc.pro -o Makefile
cd doc/ && make -f Makefile 
make[1]: Entering directory '/var/pisi/qt5-doc-5.4.1-1/work/qtdoc-opensource-src-5.4.0/doc'
rm -f doc   
make[1]: Leaving directory '/var/pisi/qt5-doc-5.4.1-1/work/qtdoc-opensource-src-5.4.0/doc'
DEBUG: "make VERBOSE=1 -j5" dönüş değeri 0
[32mPaket test ediliyor...
[0m[32mKuruluyor...
[0mSandbox açık inşa...
Çalışıyor make DESTDIR="/var/pisi/qt5-doc-5.4.1-1/install" INSTALL_ROOT="/var/pisi/qt5-doc-5.4.1-1/install" INSTALL_ROOT=/var/pisi/qt5-doc-5.4.1-1/install install
cd doc/ && make -f Makefile install
make[1]: Entering directory '/var/pisi/qt5-doc-5.4.1-1/work/qtdoc-opensource-src-5.4.0/doc'
make[1]: Nothing to be done for 'install'.
make[1]: Leaving directory '/var/pisi/qt5-doc-5.4.1-1/work/qtdoc-opensource-src-5.4.0/doc'
DEBUG: "make DESTDIR="/var/pisi/qt5-doc-5.4.1-1/install" INSTALL_ROOT="/var/pisi/qt5-doc-5.4.1-1/install" INSTALL_ROOT=/var/pisi/qt5-doc-5.4.1-1/install install" dönüş değeri 0
İnşa dizini bırakılıyor
