[01;32mKaynak paket inşa ediliyor: qt5-doc
[0mDEBUG: ComponentDB initialized in 0.0035560131073.
DEBUG: RepoDB initialized in 0.000223159790039.
DEBUG: InstallDB initialized in 0.00719594955444.
qtdoc-opensource-src-5.4.1.tar.xz [önbellekte]
[32mArşiv(ler) açılıyor...
[0m açıldı (/var/pisi/qt5-doc-5.4.1-1/work)
[32mKaynak yapılandırılıyor...
[0mSandbox açık inşa...
Çalışıyor qmake-qt5 qtdoc.pro
DEBUG: "qmake-qt5 qtdoc.pro" dönüş değeri 0
[32mKaynak inşa ediliyor...
[0mSandbox açık inşa...
Çalışıyor make VERBOSE=1 -j5
cd doc/ && ( test -e Makefile || /usr/bin/qmake-qt5 /var/pisi/qt5-doc-5.4.1-1/work/qtdoc-opensource-src-5.4.1/doc/doc.pro -o Makefile ) && make -f Makefile 
make[1]: Entering directory '/var/pisi/qt5-doc-5.4.1-1/work/qtdoc-opensource-src-5.4.1/doc'
make[1]: Nothing to be done for 'first'.
make[1]: Leaving directory '/var/pisi/qt5-doc-5.4.1-1/work/qtdoc-opensource-src-5.4.1/doc'
DEBUG: "make VERBOSE=1 -j5" dönüş değeri 0
[32mPaket test ediliyor...
[0m[32mKuruluyor...
[0mSandbox açık inşa...
Çalışıyor make DESTDIR="/var/pisi/qt5-doc-5.4.1-1/install" INSTALL_ROOT="/var/pisi/qt5-doc-5.4.1-1/install" INSTALL_ROOT=/var/pisi/qt5-doc-5.4.1-1/install install
cd doc/ && ( test -e Makefile || /usr/bin/qmake-qt5 /var/pisi/qt5-doc-5.4.1-1/work/qtdoc-opensource-src-5.4.1/doc/doc.pro -o Makefile ) && make -f Makefile install
make[1]: Entering directory '/var/pisi/qt5-doc-5.4.1-1/work/qtdoc-opensource-src-5.4.1/doc'
make[1]: Nothing to be done for 'install'.
make[1]: Leaving directory '/var/pisi/qt5-doc-5.4.1-1/work/qtdoc-opensource-src-5.4.1/doc'
DEBUG: "make DESTDIR="/var/pisi/qt5-doc-5.4.1-1/install" INSTALL_ROOT="/var/pisi/qt5-doc-5.4.1-1/install" INSTALL_ROOT=/var/pisi/qt5-doc-5.4.1-1/install install" dönüş değeri 0
İnşa dizini bırakılıyor
