[01;32mKaynak paket inşa ediliyor: mutter
[0mDEBUG: ComponentDB initialized in 0.00369095802307.
DEBUG: RepoDB initialized in 0.000195026397705.
DEBUG: InstallDB initialized in 0.00641894340515.
mutter-3.14.3.tar.xz [önbellekte]
[32mArşiv(ler) açılıyor...
[0m açıldı (/var/pisi/mutter-3.14.3-7/work)
[32mKaynak yapılandırılıyor...
[0mSandbox açık inşa...
GNU Yapılandırma Güncellemesi Bitti.
GNU Yapılandırma Güncellemesi Bitti.
Çalışıyor ./configure --prefix=/usr --build=x86_64-pc-linux-gnu --mandir=/usr/share/man --infodir=/usr/share/info --datadir=/usr/share --sysconfdir=/etc --localstatedir=/var --libexecdir=/usr/libexec --disable-static --enable-introspection
checking for a BSD-compatible install... /usr/bin/install -c
checking whether build environment is sane... yes
checking for a thread-safe mkdir -p... /bin/mkdir -p
checking for gawk... gawk
checking whether make sets $(MAKE)... yes
checking whether make supports nested variables... yes
checking whether UID '0' is supported by ustar format... yes
checking whether GID '0' is supported by ustar format... yes
checking how to create a ustar tar archive... gnutar
checking whether make supports nested variables... (cached) yes
checking whether to enable maintainer-specific portions of Makefiles... yes
checking build system type... x86_64-pc-linux-gnu
checking host system type... x86_64-pc-linux-gnu
checking how to print strings... printf
checking for style of include used by make... GNU
checking for gcc... x86_64-pc-linux-gnu-gcc
checking whether the C compiler works... yes
checking for C compiler default output file name... a.out
checking for suffix of executables... 
checking whether we are cross compiling... no
checking for suffix of object files... o
checking whether we are using the GNU C compiler... yes
checking whether x86_64-pc-linux-gnu-gcc accepts -g... yes
checking for x86_64-pc-linux-gnu-gcc option to accept ISO C89... none needed
checking whether x86_64-pc-linux-gnu-gcc understands -c and -o together... yes
checking dependency style of x86_64-pc-linux-gnu-gcc... gcc3
checking for a sed that does not truncate output... /usr/bin/sed
checking for grep that handles long lines and -e... /bin/grep
checking for egrep... /bin/grep -E
checking for fgrep... /bin/grep -F
checking for ld used by x86_64-pc-linux-gnu-gcc... /usr/bin/ld
checking if the linker (/usr/bin/ld) is GNU ld... yes
checking for BSD- or MS-compatible name lister (nm)... /usr/bin/nm -B
checking the name lister (/usr/bin/nm -B) interface... BSD nm
checking whether ln -s works... yes
checking the maximum length of command line arguments... 1572864
checking whether the shell understands some XSI constructs... yes
checking whether the shell understands "+="... yes
checking how to convert x86_64-pc-linux-gnu file names to x86_64-pc-linux-gnu format... func_convert_file_noop
checking how to convert x86_64-pc-linux-gnu file names to toolchain format... func_convert_file_noop
checking for /usr/bin/ld option to reload object files... -r
checking for objdump... objdump
checking how to recognize dependent libraries... pass_all
checking for dlltool... no
checking how to associate runtime and link libraries... printf %s\n
checking for ar... ar
checking for archiver @FILE support... @
checking for strip... strip
checking for ranlib... ranlib
checking command to parse /usr/bin/nm -B output from x86_64-pc-linux-gnu-gcc object... ok
checking for sysroot... no
checking for mt... no
checking if : is a manifest tool... no
checking how to run the C preprocessor... x86_64-pc-linux-gnu-gcc -E
checking for ANSI C header files... yes
checking for sys/types.h... yes
checking for sys/stat.h... yes
checking for stdlib.h... yes
checking for string.h... yes
checking for memory.h... yes
checking for strings.h... yes
checking for inttypes.h... yes
checking for stdint.h... yes
checking for unistd.h... yes
checking for dlfcn.h... yes
checking for objdir... .libs
checking if x86_64-pc-linux-gnu-gcc supports -fno-rtti -fno-exceptions... no
checking for x86_64-pc-linux-gnu-gcc option to produce PIC... -fPIC -DPIC
checking if x86_64-pc-linux-gnu-gcc PIC flag -fPIC -DPIC works... yes
checking if x86_64-pc-linux-gnu-gcc static flag -static works... yes
checking if x86_64-pc-linux-gnu-gcc supports -c -o file.o... yes
checking if x86_64-pc-linux-gnu-gcc supports -c -o file.o... (cached) yes
checking whether the x86_64-pc-linux-gnu-gcc linker (/usr/bin/ld -m elf_x86_64) supports shared libraries... yes
checking whether -lc should be explicitly linked in... no
checking dynamic linker characteristics... GNU/Linux ld.so
checking how to hardcode library paths into programs... immediate
checking whether stripping libraries is possible... yes
checking if libtool supports shared libraries... yes
checking whether to build shared libraries... yes
checking whether to build static libraries... no
checking whether NLS is requested... yes
checking for intltool >= 0.41... 0.50.2 found
checking for intltool-update... /usr/bin/intltool-update
checking for intltool-merge... /usr/bin/intltool-merge
checking for intltool-extract... /usr/bin/intltool-extract
checking for xgettext... /usr/bin/xgettext
checking for msgmerge... /usr/bin/msgmerge
checking for msgfmt... /usr/bin/msgfmt
checking for gmsgfmt... /usr/bin/msgfmt
checking for perl... /usr/bin/perl
checking for perl >= 5.8.1... 5.20.0
checking for XML::Parser... ok
checking for gcc... (cached) x86_64-pc-linux-gnu-gcc
checking whether we are using the GNU C compiler... (cached) yes
checking whether x86_64-pc-linux-gnu-gcc accepts -g... (cached) yes
checking for x86_64-pc-linux-gnu-gcc option to accept ISO C89... (cached) none needed
checking whether x86_64-pc-linux-gnu-gcc understands -c and -o together... (cached) yes
checking dependency style of x86_64-pc-linux-gnu-gcc... (cached) gcc3
checking whether x86_64-pc-linux-gnu-gcc and cc understand -c and -o together... yes
checking for ANSI C header files... (cached) yes
checking for pkg-config... /usr/bin/pkg-config
checking pkg-config is at least version 0.21... yes
checking for pkg-config... (cached) /usr/bin/pkg-config
checking pkg-config is at least version 0.16... yes
checking for GLIB - version >= 2.0.0... yes (version 2.42.0)
checking size of char... 1
checking size of short... 2
checking size of long... 8
checking size of int... 4
checking size of void *... 8
checking size of long long... 8
checking size of __int64... 0
checking whether byte ordering is bigendian... no
checking for pkg-config... (cached) /usr/bin/pkg-config
checking pkg-config is at least version 0.16... yes
checking Startup notification library >= 0.7... yes
Building with libstartup-notification
checking libcanberra-gtk... yes
checking for gobject-introspection... yes
checking for MUTTER... yes
checking for MUTTER_NATIVE_BACKEND... no
checking for MUTTER_WAYLAND... no
checking for CLUTTER... yes
checking for X... libraries , headers 
checking for gethostbyname... yes
checking for connect... yes
checking for remove... yes
checking for shmat... yes
checking for IceConnectionNumber in -lICE... yes
checking for XineramaQueryExtension in -lXinerama... yes
checking for X11/extensions/Xinerama.h... yes
checking for Xinerama support... yes
checking for XRRUpdateConfiguration in -lXrandr... yes
checking for X11/extensions/Xrandr.h... yes
checking for zenity... /usr/bin/zenity
checking for gtk-doc... yes
checking for gtkdoc-check... gtkdoc-check.test
checking for gtkdoc-check... /usr/bin/gtkdoc-check
checking for gtkdoc-rebase... /usr/bin/gtkdoc-rebase
checking for gtkdoc-mkpdf... /usr/bin/gtkdoc-mkpdf
checking whether to build gtk-doc documentation... no
checking for GTKDOC_DEPS... yes
checking that generated files are newer than configure... done
configure: creating ./config.status
config.status: creating Makefile
config.status: creating data/Makefile
config.status: creating doc/Makefile
config.status: creating doc/man/Makefile
config.status: creating doc/reference/Makefile
config.status: creating doc/reference/meta-docs.sgml
config.status: creating src/Makefile
config.status: creating src/libmutter.pc
config.status: creating src/compositor/plugins/Makefile
config.status: creating src/meta/meta-version.h
config.status: creating po/Makefile.in
config.status: creating config.h
config.status: executing depfiles commands
config.status: executing libtool commands
config.status: executing po/stamp-it commands

mutter-3.14.3

	prefix:                   /usr
	source code location:	  .
	compiler:		  x86_64-pc-linux-gnu-gcc

	Startup notification:     yes
	libcanberra:              yes
	Introspection:            yes
	Session management:       yes

This is the stable branch of mutter
DEBUG: "./configure --prefix=/usr --build=x86_64-pc-linux-gnu --mandir=/usr/share/man --infodir=/usr/share/info --datadir=/usr/share --sysconfdir=/etc --localstatedir=/var --libexecdir=/usr/libexec --disable-static --enable-introspection" dönüş değeri 0
[32mKaynak inşa ediliyor...
[0mSandbox açık inşa...
Çalışıyor make -j5
make  all-recursive
make[1]: Entering directory '/var/pisi/mutter-3.14.3-7/work/mutter-3.14.3'
Making all in data
make[2]: Entering directory '/var/pisi/mutter-3.14.3-7/work/mutter-3.14.3/data'
  ITMRG  50-mutter-windows.xml
  ITMRG  50-mutter-system.xml
  ITMRG  50-mutter-navigation.xml
  ITMRG  mutter-wayland.desktop
  ITMRG  mutter.desktop
  ITMRG  org.gnome.mutter.gschema.xml
  ITMRG  org.gnome.mutter.wayland.gschema.xml
  GEN      org.gnome.mutter.gschema.valid
  GEN      org.gnome.mutter.wayland.gschema.valid
make[2]: Leaving directory '/var/pisi/mutter-3.14.3-7/work/mutter-3.14.3/data'
Making all in src
make[2]: Entering directory '/var/pisi/mutter-3.14.3-7/work/mutter-3.14.3/src'
  GEN      meta-dbus-display-config.h
  GEN      meta-dbus-login1.c
  GEN      meta-dbus-display-config.c
  GEN      meta-dbus-idle-monitor.h
  GEN      meta-dbus-idle-monitor.c
  GEN      meta-dbus-login1.h
  GEN      stamp-mutter-enum-types.h
  GEN      mutter-enum-types.c
make  all-recursive
make[3]: Entering directory '/var/pisi/mutter-3.14.3-7/work/mutter-3.14.3/src'
Making all in compositor/plugins
make[4]: Entering directory '/var/pisi/mutter-3.14.3-7/work/mutter-3.14.3/src/compositor/plugins'
  CC       default_la-default.lo
  CCLD     default.la
make[4]: Leaving directory '/var/pisi/mutter-3.14.3-7/work/mutter-3.14.3/src/compositor/plugins'
make[4]: Entering directory '/var/pisi/mutter-3.14.3-7/work/mutter-3.14.3/src'
  CC       core/meta-gesture-tracker.lo
  CC       core/place.lo
  CC       core/main.lo
  CC       core/prefs.lo
  CC       core/keybindings.lo
  CC       core/screen.lo
  CC       core/restart.lo
  CC       core/stack.lo
  CC       core/stack-tracker.lo
  CC       core/util.lo
  CC       core/window.lo
  CC       core/workspace.lo
  CC       ui/frames.lo
  CC       ui/resizepopup.lo
  CC       ui/theme-parser.lo
  CC       ui/theme.lo
  CC       ui/ui.lo
  CC       meta-dbus-idle-monitor.lo
  CC       meta-dbus-display-config.lo
  CC       meta-dbus-login1.lo
  CC       mutter-enum-types.lo
  CC       core/mutter.o
  CC       core/restart-helper.o
  CC       core/testboxes.o
  CC       ui/testgradient.o
  CC       x11/testasyncgetprop.o
  CC       backends/meta-backend.lo
  CC       backends/meta-cursor.lo
  CC       backends/meta-cursor-tracker.lo
  CC       backends/meta-cursor-renderer.lo
  CC       backends/meta-idle-monitor.lo
  CC       backends/meta-idle-monitor-dbus.lo
  CC       backends/meta-monitor-config.lo
  CC       backends/meta-monitor-manager.lo
  CC       backends/meta-monitor-manager-dummy.lo
  CC       backends/meta-stage.lo
  CC       backends/edid-parse.lo
  CC       backends/x11/meta-backend-x11.lo
  CC       backends/x11/meta-cursor-renderer-x11.lo
  CC       backends/x11/meta-idle-monitor-xsync.lo
  CC       backends/x11/meta-monitor-manager-xrandr.lo
  CC       core/meta-accel-parse.lo
  CC       core/barrier.lo
  CC       core/bell.lo
  CC       core/boxes.lo
  CC       compositor/clutter-utils.lo
  CC       compositor/cogl-utils.lo
  CC       compositor/compositor.lo
  CC       compositor/meta-background.lo
  CC       compositor/meta-background-actor.lo
  CC       compositor/meta-background-image.lo
  CC       compositor/meta-background-group.lo
  CC       compositor/meta-cullable.lo
  CC       compositor/meta-dnd-actor.lo
  CC       compositor/meta-feedback-actor.lo
  CC       compositor/meta-module.lo
  CC       compositor/meta-plugin.lo
  CC       compositor/meta-plugin-manager.lo
  CC       compositor/meta-shadow-factory.lo
  CC       compositor/meta-shaped-texture.lo
  CC       compositor/meta-surface-actor.lo
  CC       compositor/meta-surface-actor-x11.lo
  CC       compositor/meta-texture-rectangle.lo
  CC       compositor/meta-texture-tower.lo
  CC       compositor/meta-window-actor.lo
  CC       compositor/meta-window-group.lo
  CC       compositor/meta-window-shape.lo
  CC       compositor/region-utils.lo
  CC       core/constraints.lo
  CC       core/core.lo
  CC       core/delete.lo
  CC       core/display.lo
  CC       core/edge-resistance.lo
  CC       core/events.lo
  CC       core/errors.lo
  CC       core/frame.lo
  CC       ui/gradient.lo
  CC       x11/iconcache.lo
  CC       x11/async-getprop.lo
  CC       x11/events.lo
  CC       x11/group-props.lo
  CC       x11/group.lo
  CC       x11/session.lo
  CC       x11/window-props.lo
  CC       x11/window-x11.lo
  CC       x11/xprops.lo
  CCLD     mutter-restart-helper
  CCLD     libmutter.la
  CCLD     testboxes
  CCLD     testgradient
  CCLD     testasyncgetprop
  GISCAN   Meta-3.0.gir
  CCLD     mutter
/usr/share/gobject-introspection-1.0/Makefile.introspection:153: recipe for target 'Meta-3.0.gir' failed
make[4]: Leaving directory '/var/pisi/mutter-3.14.3-7/work/mutter-3.14.3/src'
Makefile:1807: recipe for target 'all-recursive' failed
make[3]: Leaving directory '/var/pisi/mutter-3.14.3-7/work/mutter-3.14.3/src'
Makefile:988: recipe for target 'all' failed
make[2]: Leaving directory '/var/pisi/mutter-3.14.3-7/work/mutter-3.14.3/src'
Makefile:472: recipe for target 'all-recursive' failed
make[1]: Leaving directory '/var/pisi/mutter-3.14.3-7/work/mutter-3.14.3'
Makefile:401: recipe for target 'all' failed
DEBUG: "make -j5" dönüş değeri 2
Genel yardım için lütfen 'pisi help' komutunu kullanınız.
